(CVXPY) Mar 25 11:06:36 AM: Encountered unexpected exception importing solver GLOP:
RuntimeError('Unrecognized new version of ortools (9.8.3296). Expected < 9.5.0.Please open a feature request on cvxpy to enable support for this version.')
(CVXPY) Mar 25 11:06:36 AM: Encountered unexpected exception importing solver PDLP:
RuntimeError('Unrecognized new version of ortools (9.8.3296). Expected < 9.5.0.Please open a feature request on cvxpy to enable support for this version.')
/home/wlc/miniconda3/envs/RL-torch/lib/python3.10/site-packages/torchvision/io/image.py:13: UserWarning: Failed to load image Python extension: '/home/wlc/miniconda3/envs/RL-torch/lib/python3.10/site-packages/torchvision/image.so: undefined symbol: _ZN3c104cuda9SetDeviceEi'If you don't plan on using image functionality from `torchvision.io`, you can ignore this warning. Otherwise, there might be something wrong with your environment. Did you have `libjpeg` or `libpng` installed before building `torchvision` from source?
  warn(
MAMLEC
[13, 17, 21, 25, 25] [5, 13, 9, 5, 17] [5, 13, 9, 5, 17]
python ./train/multi_task_maml_exp18.py --logdir ./runs/MAMLEC/maml/train_model --model_suffix MAMLECmaml --maml_model True --meta_iterations 200 --num_tasks 5 --hidden_dim_actor 512 --hidden_dim_critic 512 --n_j_options 13 17 21 25 25 --n_m_options 5 13 9 5 17 --op_per_job_options 5 13 9 5 17 --fea_j_input_dim 12 --fea_m_input_dim 9 --factor_Mk 0.0 --factor_Ec 1.0
['--logdir', './runs/MAMLEC/maml/train_model', '--model_suffix', 'MAMLECmaml', '--maml_model', 'True', '--meta_iterations', '200', '--num_tasks', '5', '--hidden_dim_actor', '512', '--hidden_dim_critic', '512', '--n_j_options', '13', '17', '21', '25', '25', '--n_m_options', '5', '13', '9', '5', '17', '--op_per_job_options', '5', '13', '9', '5', '17', '--fea_j_input_dim', '12', '--fea_m_input_dim', '9', '--factor_Mk', '0.0', '--factor_Ec', '1.0']
-------------------------Training Setting-------------------------
source : SD2
vali_data = ./data/data_train_vali/SD2/10x5x0+mix
save model name:  maml+MAMLECmaml1711335997
vali data :./data/data_train_vali/SD2/10x5x0+mix
instance dir : ./data/data_train_vali/SD2/10x5x0+mix/123
tensorboard logdir: ./runs/MAMLEC/maml/train_model


../trained_network/SD2/10x5+mix.pth
self.n_js:  [13, 17, 21, 25, 25]
self.n_m_options:  [5, 13, 9, 5, 17]
self.op_per_job_options:  [5, 13, 9, 5, 17]
7075.0
Episode 1
 reward: -13.385646538564208 -51.44855294508362 -41.08588643479135 -21.16988616695766 -97.40333819232394
 Mean_loss: 153.74197388,  training time: 33.21
7067.150000000001
Episode 2
 reward: -13.198646130821317 -51.59311027485071 -40.97633474887307 -21.23396466899472 -97.61624404907175
 Mean_loss: 59.53092194,  training time: 32.37
7040.166666666666
Episode 3
 reward: -13.26438822334218 -51.86482801670621 -41.13427012227065 -21.099096310940585 -97.75125709642177
 Mean_loss: 53.66461945,  training time: 32.70
6989.2750000000015
Episode 4
 reward: -13.292375486856596 -52.099952902620394 -41.128293813539486 -21.021112984595753 -98.08407436852264
 Mean_loss: 33.87479782,  training time: 32.44
6985.320000000001
Episode 5
 reward: -13.215849176242552 -51.75172353104639 -40.925723571571886 -21.40973150525481 -97.607889389787
 Mean_loss: 24.11746597,  training time: 32.24
6972.433333333333
Episode 6
 reward: -13.510875543083376 -51.45504088483902 -41.1891056552855 -21.29952293159236 -98.09352988711457
 Mean_loss: 30.37484169,  training time: 32.49
6955.428571428572
Episode 7
 reward: -13.504892651265397 -52.02815796618925 -41.073253986565675 -21.214103333155357 -98.1888699538835
 Mean_loss: 47.63774872,  training time: 32.41
6940.7125000000015
Episode 8
 reward: -13.549772288651386 -51.67581828636686 -41.12682707668213 -21.23348815780657 -97.96040725481336
 Mean_loss: 13.71100330,  training time: 32.62
6910.055555555556
Episode 9
 reward: -13.53440031139635 -51.842264395800115 -41.11106098473313 -21.260725841305685 -98.53901844481824
 Mean_loss: 39.14404297,  training time: 32.36
6894.68
Episode 10
 reward: -13.52421908881388 -51.91972304025269 -41.45956123149914 -21.28732019416463 -98.41044554426472
 Mean_loss: 28.73383522,  training time: 32.40
6880.9
Episode 11
 reward: -13.567770462183109 -51.465049491048376 -41.05550303655004 -21.277969231001595 -97.99828398650976
 Mean_loss: 30.82840919,  training time: 32.52
6870.341666666666
Episode 12
 reward: -13.587877877095314 -52.09817746138508 -41.433775598242974 -21.312875707785594 -97.78741548727582
 Mean_loss: 25.54279137,  training time: 32.74
6856.130769230769
Episode 13
 reward: -13.556232312310366 -52.133320177274015 -41.493500392555674 -21.356197288696514 -98.05568881051677
 Mean_loss: 41.83330154,  training time: 32.47
6846.407142857142
Episode 14
 reward: -13.64503551246246 -51.78868277330507 -40.92320267575576 -21.527822349249178 -98.55813590049371
 Mean_loss: 48.30369949,  training time: 32.39
6838.646666666667
Episode 15
 reward: -13.565164026639703 -51.762318960609164 -41.41045027874263 -21.47088055090804 -98.18708587936712
 Mean_loss: 17.89744949,  training time: 32.19
6831.45625
Episode 16
 reward: -13.624710790971204 -52.02106521462671 -41.325882891950236 -21.386749324020506 -98.130680263706
 Mean_loss: 48.94393539,  training time: 32.56
6824.317647058825
Episode 17
 reward: -13.608324377078702 -52.13159669713425 -41.46555342921512 -21.530964516649274 -98.47120760234732
 Mean_loss: 43.76419067,  training time: 32.58
6814.944444444445
Episode 18
 reward: -13.473498380357967 -51.91882990444077 -41.32587971335496 -21.297804128928323 -98.19523681305733
 Mean_loss: 26.28790283,  training time: 32.40
6808.252631578947
Episode 19
 reward: -13.483308542628663 -52.077787832410976 -41.52969096423596 -21.3621273348463 -98.3739860115475
 Mean_loss: 33.41258240,  training time: 32.64
6800.205
Episode 20
 reward: -13.638703410991909 -51.88548110096999 -41.118292113357654 -21.536757204843234 -97.93375131323576
 Mean_loss: 63.92331696,  training time: 32.47
6792.214285714286
Episode 21
 reward: -13.495579696262244 -52.05850567418776 -41.168643777159176 -21.46375400299504 -98.52680906294339
 Mean_loss: 29.23924065,  training time: 32.69
6785.477272727272
Episode 22
 reward: -13.720806676836906 -51.87109875097057 -41.42232496290378 -21.57588882861392 -98.40305316766879
 Mean_loss: 29.11491776,  training time: 32.73
6775.086956521739
Episode 23
 reward: -13.720165499317428 -52.36434144473217 -41.44368021932377 -21.45843385260318 -98.42467714837031
 Mean_loss: 24.70774078,  training time: 32.63
6773.179166666667
Episode 24
 reward: -13.513958792273872 -52.17965684055169 -41.41901304781426 -21.360930336740303 -98.36184770642092
 Mean_loss: 36.20889282,  training time: 32.67
6766.856
Episode 25
 reward: -13.51925159580808 -51.996946721603116 -41.39697757338361 -21.340412860860962 -98.69451132378812
 Mean_loss: 28.49029922,  training time: 32.28
6758.726923076923
Episode 26
 reward: -13.51497045989279 -52.20483166249625 -41.520081814165756 -21.47627396050895 -98.6471314990337
 Mean_loss: 57.05834961,  training time: 32.50
6756.488888888888
Episode 27
 reward: -13.549705868398343 -52.16655337199721 -41.434638769864975 -21.273656273559062 -98.17312618343335
 Mean_loss: 30.36239433,  training time: 32.87
6751.882142857142
Episode 28
 reward: -13.487514796626817 -51.90861397733721 -41.317650388428135 -21.27972967879389 -98.1969781764686
 Mean_loss: 130.27685547,  training time: 32.42
6751.806896551724
Episode 29
 reward: -13.51407870425648 -52.06811233097695 -41.5017829173284 -21.463469953820727 -98.15319824102974
 Mean_loss: 45.60816193,  training time: 32.51
6749.339999999999
Episode 30
 reward: -13.631849492283598 -52.070948685853146 -41.33839180201162 -21.357413121550636 -98.32457028671375
 Mean_loss: 49.21023560,  training time: 32.58
6748.58064516129
Episode 31
 reward: -13.64253002374243 -52.266117034948174 -41.44321555102347 -21.319815916195658 -97.82605441794571
 Mean_loss: 126.34741211,  training time: 32.33
6748.475
Episode 32
 reward: -13.472473245318241 -52.17886841739071 -41.35661397708557 -21.35926818967724 -98.34093206525218
 Mean_loss: 76.85942841,  training time: 32.47
6745.181818181818
Episode 33
 reward: -13.571701401030575 -52.31252108154284 -41.15319219916106 -21.451698106929612 -98.3964435556512
 Mean_loss: 72.92418671,  training time: 32.74
6745.647058823529
Episode 34
 reward: -13.622151358672607 -52.168457428863164 -41.521803466994825 -21.369390073348598 -98.11990610354287
 Mean_loss: 57.44852448,  training time: 32.72
6748.74
Episode 35
 reward: -13.588565406524307 -52.319497327489486 -41.229964816856004 -21.446848090984354 -98.54297396970244
 Mean_loss: 59.37179565,  training time: 32.75
6748.802777777777
Episode 36
 reward: -13.591011430148933 -52.175410123420534 -41.369962057035366 -21.42223454990158 -97.9238351323697
 Mean_loss: 167.63764954,  training time: 32.66
6747.135135135135
Episode 37
 reward: -13.642746964243178 -51.88912627001319 -41.21087226448141 -21.590073314518836 -98.51575385414975
 Mean_loss: 64.94243622,  training time: 32.52
6745.610526315789
Episode 38
 reward: -13.40061527154134 -52.37109126691034 -41.27864438488863 -21.38175392079254 -98.83068180827544
 Mean_loss: 52.25676346,  training time: 32.55
6746.625641025641
Episode 39
 reward: -13.582078096482723 -52.55925736900144 -41.45809577800833 -21.52876067619884 -98.24001197625572
 Mean_loss: 47.28465652,  training time: 32.59
6744.2475
Episode 40
 reward: -13.665528482808568 -52.14191601300962 -41.10429824521507 -21.36641309930568 -98.07344564751027
 Mean_loss: 62.44709396,  training time: 32.48
6743.775609756098
Episode 41
 reward: -13.615177796910526 -52.19751926845563 -41.45693605826184 -21.55951099321988 -98.22127805124381
 Mean_loss: 47.10748291,  training time: 32.78
6746.540476190476
Episode 42
 reward: -13.565304955963512 -51.9951101306532 -41.39305955510818 -21.691884342533502 -97.96277417908058
 Mean_loss: 63.88263702,  training time: 32.56
6747.920930232559
Episode 43
 reward: -13.435519784634064 -51.71734209647808 -41.29498331216787 -21.476411038797988 -98.2363656667934
 Mean_loss: 88.25611877,  training time: 32.59
6754.318181818182
Episode 44
 reward: -13.43601999691038 -52.13020023257328 -40.91312457622726 -21.464427205019597 -97.72376416553706
 Mean_loss: 77.84506989,  training time: 32.47
6755.904444444444
Episode 45
 reward: -13.519011831188442 -51.95872509641002 -41.079520760623474 -21.586573488200525 -98.28793522946293
 Mean_loss: 100.93390656,  training time: 32.63
6761.773913043478
Episode 46
 reward: -13.467770659565371 -51.94897886967307 -41.268733017309295 -21.542317340317204 -97.73161016941398
 Mean_loss: 422.53158569,  training time: 32.62
6768.959574468085
Episode 47
 reward: -13.576699321313743 -51.80608091816252 -40.580305200824256 -21.51504220803231 -97.94322613983017
 Mean_loss: 123.95652008,  training time: 32.56
6775.227083333334
Episode 48
 reward: -13.567421738541498 -51.86019271025755 -40.72392446619375 -21.338447995806668 -98.35990164084782
 Mean_loss: 140.60346985,  training time: 32.58
6782.363265306123
Episode 49
 reward: -13.409013093606893 -51.8772224997957 -40.55312612141309 -21.092229110801917 -98.02566814472314
 Mean_loss: 49.21143723,  training time: 32.81
6791.964
Episode 50
 reward: -13.130849058530154 -51.747867029674374 -40.84357497935399 -21.437984362125643 -98.08919356604602
 Mean_loss: 85.75331879,  training time: 32.67
6801.9607843137255
Episode 51
 reward: -13.434142056552608 -51.745445709654085 -40.78770522624923 -21.077782100694524 -97.93283001450831
 Mean_loss: 102.45818329,  training time: 32.82
6814.121153846154
Episode 52
 reward: -13.180969665814036 -51.52187419045356 -40.7136155209622 -20.80015799905452 -98.191117896841
 Mean_loss: 110.36312103,  training time: 32.75
6828.022641509435
Episode 53
 reward: -13.312066245091449 -51.443685344510165 -40.926729405386425 -20.89883051010377 -97.56178293943432
 Mean_loss: 127.63337708,  training time: 32.70
6842.024074074075
Episode 54
 reward: -13.167144293589484 -51.49954055835709 -40.90253539051953 -20.49778302404917 -97.23227617490171
 Mean_loss: 861.29046631,  training time: 32.69
6852.514545454546
Episode 55
 reward: -12.875554407885215 -51.901810589425246 -40.68385725570641 -20.643092056013813 -97.84802564534871
 Mean_loss: 454.99517822,  training time: 32.56
6865.580357142857
Episode 56
 reward: -12.964432965068056 -51.94150363051796 -40.747451872301994 -20.554572824648666 -97.46449313373226
 Mean_loss: 77.50382996,  training time: 32.63
6878.277192982456
Episode 57
 reward: -12.950204242361641 -51.74234776959368 -40.337035257413206 -20.571025150511016 -97.46828249041022
 Mean_loss: 362.78125000,  training time: 32.60
6888.6586206896545
Episode 58
 reward: -13.164372976899648 -51.444578612613256 -40.72592810303461 -20.74929061527117 -97.77711010107058
 Mean_loss: 263.96801758,  training time: 32.63
6900.244067796611
Episode 59
 reward: -12.963839087148603 -51.70090106446243 -40.33529267524208 -20.40073578187834 -97.81804845104672
 Mean_loss: 124.28139496,  training time: 32.54
6912.023333333334
Episode 60
 reward: -12.786425159638274 -51.35072318498105 -40.248016499332856 -20.399377568276304 -97.95845599540624
 Mean_loss: 281.24429321,  training time: 32.92
6925.959016393443
Episode 61
 reward: -12.916353506299794 -51.647992563714375 -40.56475177990914 -20.518290309760925 -97.34598913463768
 Mean_loss: 221.87199402,  training time: 32.68
6937.445161290322
Episode 62
 reward: -12.612669695664152 -51.47546957291321 -40.599560271562694 -20.801802381852575 -97.39970341503472
 Mean_loss: 85.40682220,  training time: 32.96
6947.7095238095235
Episode 63
 reward: -13.004930801102796 -51.383603708153984 -40.3434822382117 -20.629215574973763 -97.83834701284589
 Mean_loss: 142.17720032,  training time: 32.75
6960.393749999999
Episode 64
 reward: -12.851460673800194 -51.787255959406785 -40.714223628155466 -20.281456525976573 -97.62701005031956
 Mean_loss: 80.03501892,  training time: 32.71
6969.616923076923
Episode 65
 reward: -13.004972688491637 -51.052985308771966 -40.58086287327727 -20.766554683008355 -97.54473542960531
 Mean_loss: 350.23889160,  training time: 32.66
6979.765151515151
Episode 66
 reward: -12.720180535167035 -51.55226087715836 -40.533698552591076 -20.332006611076054 -97.89653692149652
 Mean_loss: 173.11077881,  training time: 32.65
6988.725373134329
Episode 67
 reward: -12.971933936875487 -51.9686399672535 -40.565357238302056 -20.31525858419008 -97.7969281082447
 Mean_loss: 67.86317444,  training time: 32.90
6996.889705882353
Episode 68
 reward: -12.868744864225288 -51.613814987237184 -41.12839386968532 -20.80809918199234 -97.82476142997605
 Mean_loss: 146.08042908,  training time: 32.92
7008.533333333333
Episode 69
 reward: -13.168992375799075 -50.95034152129982 -40.45908882146953 -20.49655720992711 -97.53824001531682
 Mean_loss: 167.45803833,  training time: 32.81
7016.851428571428
Episode 70
 reward: -12.905940719368179 -52.05191470320007 -40.11843369719439 -20.546337723077166 -97.78572686232333
 Mean_loss: 160.77316284,  training time: 32.97
7021.138028169014
Episode 71
 reward: -13.122482827833881 -51.28262645055899 -40.81038619468034 -20.752799105322673 -98.38818218300261
 Mean_loss: 175.38284302,  training time: 32.79
7028.147222222222
Episode 72
 reward: -12.691759510348462 -51.73423271470911 -40.519278692800036 -20.744182562977574 -97.57774482209649
 Mean_loss: 117.15466309,  training time: 32.70
7034.965753424657
Episode 73
 reward: -13.32891784807121 -51.425197333493905 -40.71716138512377 -20.287623149935172 -97.80232721364436
 Mean_loss: 61.65937042,  training time: 32.66
7041.517567567569
Episode 74
 reward: -12.986197356151996 -52.18910336901058 -40.51777466493488 -20.452122033787468 -98.0066643072876
 Mean_loss: 238.76382446,  training time: 32.87
7049.262666666667
Episode 75
 reward: -12.632581584667921 -51.79667085683559 -40.57441680712793 -20.506272467651428 -97.6144950115065
 Mean_loss: 100.98114777,  training time: 32.97
7055.865789473684
Episode 76
 reward: -13.030061445089284 -51.59580569199009 -41.29357618249583 -20.498555259529738 -97.94232977599766
 Mean_loss: 111.19612122,  training time: 33.13
7061.728571428572
Episode 77
 reward: -12.849697735972219 -51.85981218077261 -40.61656981624387 -20.387267417068756 -97.97309081196906
 Mean_loss: 93.13077545,  training time: 32.91
7066.842307692308
Episode 78
 reward: -13.069782948430548 -51.56840721063363 -40.87477498806028 -20.615014406873037 -97.99887759916568
 Mean_loss: 128.79344177,  training time: 32.97
7074.00506329114
Episode 79
 reward: -12.901374776601113 -52.059470044059275 -40.53927375138792 -20.71734651987989 -97.90497070576494
 Mean_loss: 194.93911743,  training time: 32.72
7080.787500000001
Episode 80
 reward: -12.754268681883051 -51.67735924810921 -40.237953105922216 -20.430002365819043 -98.07605520046988
 Mean_loss: 273.52023315,  training time: 32.44
7087.075308641975
Episode 81
 reward: -12.535449420613388 -52.34491404009534 -40.66879158338908 -20.37213029270348 -98.42733312935287
 Mean_loss: 131.25956726,  training time: 32.63
7091.968292682926
Episode 82
 reward: -12.685121264578811 -51.64982728562645 -41.05533186291437 -20.17736829836108 -98.07022351936244
 Mean_loss: 85.90596771,  training time: 32.66
7094.989156626506
Episode 83
 reward: -12.848323650249023 -52.16557217528833 -40.83093851514856 -20.26127501414986 -98.40762590140162
 Mean_loss: 80.16646576,  training time: 32.77
7098.617857142857
Episode 84
 reward: -13.164434098468911 -51.54000917473978 -40.8203717662642 -20.429450544360527 -98.61797408339393
 Mean_loss: 142.52938843,  training time: 32.90
7103.949411764706
Episode 85
 reward: -12.830731742752857 -51.90423020605274 -41.02169687604176 -20.42497112427993 -98.24029527983919
 Mean_loss: 156.11116028,  training time: 32.81
7108.660465116278
Episode 86
 reward: -12.985492062363601 -52.060363647229465 -40.85437840059869 -20.42817073748909 -97.79161613804739
 Mean_loss: 127.05619049,  training time: 32.83
7112.5310344827585
Episode 87
 reward: -12.996814398215907 -51.926456450453635 -41.16466526613253 -20.61194314861583 -98.43175581603427
 Mean_loss: 628.69647217,  training time: 32.85
7115.182954545455
Episode 88
 reward: -13.284525923430058 -52.17655367333782 -40.998808678250896 -20.723477256944598 -98.48253032132018
 Mean_loss: 153.26615906,  training time: 32.83
7119.242696629213
Episode 89
 reward: -13.004928056908147 -51.93089311024903 -41.30912044353603 -20.733107646001265 -98.37879506699998
 Mean_loss: 57.74570465,  training time: 33.08
7121.978888888889
Episode 90
 reward: -12.95184015194464 -51.99479763938367 -41.13132620324009 -20.709063971433434 -98.54667595659605
 Mean_loss: 253.35830688,  training time: 32.90
7123.913186813186
Episode 91
 reward: -12.808080549891088 -52.206233144756006 -40.9283267032045 -20.57283924448662 -98.21097441699207
 Mean_loss: 179.95581055,  training time: 32.76
7125.122826086957
Episode 92
 reward: -13.203041006881685 -51.62956030661375 -41.0052373936748 -20.86599745611023 -98.03740670188343
 Mean_loss: 175.43948364,  training time: 32.72
7128.322580645161
Episode 93
 reward: -13.011157252509815 -51.65240578415431 -41.07172747282932 -21.07720297644598 -98.02112783840627
 Mean_loss: 85.69852448,  training time: 32.84
7131.51170212766
Episode 94
 reward: -13.085538876241026 -51.990442055577034 -40.721202813856635 -20.813196389879685 -97.68850033228227
 Mean_loss: 142.56980896,  training time: 32.73
7133.464210526316
Episode 95
 reward: -13.344776671284848 -51.62999696610136 -40.85377872962791 -20.690475381117736 -97.86121966229317
 Mean_loss: 95.35487366,  training time: 32.92
7134.920833333333
Episode 96
 reward: -12.881276516124359 -51.85364231717508 -41.27264276665767 -20.545060838232082 -98.14243743737873
 Mean_loss: 190.84275818,  training time: 32.97
7135.5350515463915
Episode 97
 reward: -13.159495076603246 -52.17688652757862 -40.872228981515505 -20.794701467106904 -98.2040691832874
 Mean_loss: 237.98405457,  training time: 32.99
7136.678571428572
Episode 98
 reward: -13.055609147453788 -52.14447678904586 -41.150785414689366 -20.940058213422038 -97.88336725017544
 Mean_loss: 409.62100220,  training time: 32.61
7137.8464646464645
Episode 99
 reward: -13.029422334740408 -52.086714397716676 -41.137023050768015 -21.0115207438844 -98.56232569975391
 Mean_loss: 187.37690735,  training time: 32.72
7138.361
Episode 100
 reward: -13.487446311956367 -51.51515851370012 -41.06281843427679 -20.86659245825612 -98.06836463465243
 Mean_loss: 121.66741180,  training time: 32.92
7138.837623762376
Episode 101
 reward: -12.96159309284558 -52.00999408750001 -41.25704297844857 -20.996771962163116 -98.05046895134123
 Mean_loss: 249.06480408,  training time: 32.94
7140.225490196079
Episode 102
 reward: -12.913674937027617 -51.75993003421189 -40.911818714725044 -21.336718814608925 -97.90235662903028
 Mean_loss: 159.34317017,  training time: 32.92
7140.523300970874
Episode 103
 reward: -13.11929046905008 -51.89984981179474 -41.202691492211144 -21.120588374557133 -98.10439184144464
 Mean_loss: 158.27238464,  training time: 33.07
7141.389423076923
Episode 104
 reward: -13.230780247065955 -51.849420254010795 -41.418773087979076 -20.82992244388217 -97.65399400939808
 Mean_loss: 217.17317200,  training time: 32.74
7141.786666666668
Episode 105
 reward: -13.295504295726541 -51.58688476944583 -40.89887585448474 -21.220548206632248 -97.68062273196428
 Mean_loss: 144.47871399,  training time: 32.81
7142.590566037736
Episode 106
 reward: -13.114859409523998 -51.84367748126995 -41.42433314447904 -21.1423670533057 -97.76811559212179
 Mean_loss: 183.21554565,  training time: 32.90
7143.620560747664
Episode 107
 reward: -12.934520437506777 -52.12405812837166 -41.148563975379545 -20.931198846980102 -97.97015236894238
 Mean_loss: 190.51191711,  training time: 32.89
7144.732407407408
Episode 108
 reward: -13.163183284591844 -51.83705643252013 -40.936036300839376 -20.858142164300368 -97.43693364856657
 Mean_loss: 148.82304382,  training time: 32.81
7145.158715596332
Episode 109
 reward: -13.221197285873188 -51.86571890057557 -40.59089374658364 -20.867172677958585 -98.29538630881429
 Mean_loss: 98.44760895,  training time: 32.70
7145.438181818183
Episode 110
 reward: -13.39316829683906 -51.803625186043504 -40.81724636991471 -21.02163096790075 -98.15014471303273
 Mean_loss: 72.31510162,  training time: 32.92
7145.937837837839
Episode 111
 reward: -13.1446951313529 -51.674940271810286 -40.99953281351331 -20.91013425064154 -98.61661194848503
 Mean_loss: 158.64601135,  training time: 32.88
7148.010714285714
Episode 112
 reward: -13.03041718340476 -51.47717892319728 -40.82427871628771 -20.691092679329994 -98.1099631344188
 Mean_loss: 276.15039062,  training time: 32.68
7149.422123893805
Episode 113
 reward: -13.042839397657346 -51.99564606137892 -41.099176735647895 -20.887942915864993 -98.49315393579343
 Mean_loss: 212.26045227,  training time: 32.49
7150.410526315789
Episode 114
 reward: -13.07109508888422 -51.53328833317539 -40.859376229826005 -20.90236238947038 -98.66771692456884
 Mean_loss: 193.37571716,  training time: 32.90
7153.755652173913
Episode 115
 reward: -12.95938476055 -51.864089078643495 -40.60848263304648 -20.53296099774554 -98.13802253786123
 Mean_loss: 120.38984680,  training time: 32.86
7155.753448275862
Episode 116
 reward: -12.94138397369332 -51.86874240707358 -40.72104623159731 -20.59297180000666 -97.9389810720244
 Mean_loss: 122.33818817,  training time: 32.69
7157.52735042735
Episode 117
 reward: -13.002333004097313 -51.55160415982292 -40.20066597525185 -20.70200613216239 -98.47308108078971
 Mean_loss: 105.88198090,  training time: 32.67
7158.744915254238
Episode 118
 reward: -12.729284876520186 -52.24017992673265 -40.99327033390226 -21.173142290940937 -98.16777931125293
 Mean_loss: 111.76572418,  training time: 32.73
7160.4857142857145
Episode 119
 reward: -13.0271597008141 -51.67592593918248 -40.43772440235743 -20.538366253652505 -98.13333419702602
 Mean_loss: 77.88222504,  training time: 33.09
7162.856666666667
Episode 120
 reward: -13.060510373000117 -51.985939422916246 -41.05638623613663 -20.593366655962388 -97.9695392046886
 Mean_loss: 132.45507812,  training time: 33.01
7165.771900826447
Episode 121
 reward: -12.911661461272013 -51.82998503079618 -40.854174488769445 -20.307446473323477 -97.35305998492701
 Mean_loss: 184.85395813,  training time: 32.93
7170.37868852459
Episode 122
 reward: -12.699300605549679 -51.93993612168856 -40.64048946920361 -20.33327032721102 -97.17036520797582
 Mean_loss: 188.01585388,  training time: 33.03
7172.804065040651
Episode 123
 reward: -12.83917061444752 -51.465574667095595 -40.145437352163626 -20.603133924050212 -97.8827296093546
 Mean_loss: 146.06425476,  training time: 32.85
7175.622580645162
Episode 124
 reward: -13.130401962887372 -51.66660729160717 -40.695200737599016 -20.197935006955298 -97.60257810926744
 Mean_loss: 119.40887451,  training time: 33.18
7176.304800000001
Episode 125
 reward: -13.160505097228867 -52.05611020046068 -40.993088756082095 -20.889504693235786 -98.25004883008417
 Mean_loss: 157.10839844,  training time: 33.12
7178.8277777777785
Episode 126
 reward: -12.861508219024078 -51.71640004329563 -41.01495011294126 -20.093037510333613 -97.62577336216286
 Mean_loss: 152.98825073,  training time: 33.00
7181.245669291339
Episode 127
 reward: -12.988456744452431 -51.50122457947198 -40.66379874602669 -20.581720358374486 -97.35867223053678
 Mean_loss: 182.44726562,  training time: 32.93
7183.29921875
Episode 128
 reward: -12.80307780758593 -51.64599069773567 -40.28310494331669 -20.245866434161492 -98.16594166182244
 Mean_loss: 69.83104706,  training time: 32.87
7186.210077519379
Episode 129
 reward: -12.671689872752903 -51.66146569162639 -40.365751676383205 -20.560841892810593 -97.78177717648916
 Mean_loss: 122.26625824,  training time: 32.87
7187.693076923077
Episode 130
 reward: -12.970908389391303 -51.55928879738239 -40.69687609709971 -20.25560726047923 -98.24363321099668
 Mean_loss: 125.13655853,  training time: 32.96
7189.306870229007
Episode 131
 reward: -12.868452852976386 -51.91187977932473 -40.47641523888439 -20.475934019845738 -97.88707629759628
 Mean_loss: 83.44538879,  training time: 32.97
7191.866666666666
Episode 132
 reward: -12.976308031470257 -51.604634471423914 -40.90373020902141 -20.260378057947158 -98.24293904773523
 Mean_loss: 67.44991302,  training time: 33.00
7193.5270676691725
Episode 133
 reward: -13.056912853259439 -51.98201493657477 -40.84632710949528 -19.986355541705652 -98.3630143006523
 Mean_loss: 89.85526276,  training time: 33.20
7195.5828358208955
Episode 134
 reward: -12.965353618452728 -51.42615741836802 -40.625538555396375 -20.21130095434727 -98.33405624235554
 Mean_loss: 136.84149170,  training time: 33.02
7199.413333333334
Episode 135
 reward: -12.597591839766071 -51.84733350364557 -40.633836200597216 -20.607637045926655 -97.8129464429835
 Mean_loss: 424.89926147,  training time: 33.20
7201.226470588235
Episode 136
 reward: -12.850116057286646 -51.496660315231466 -40.201595969051816 -20.628232173437766 -98.52619432727434
 Mean_loss: 93.48034668,  training time: 33.23
7202.867883211678
Episode 137
 reward: -12.955756243355045 -51.82638805862916 -40.69160187014432 -20.55579840537927 -97.5482670029622
 Mean_loss: 74.33708954,  training time: 33.14
7204.142753623189
Episode 138
 reward: -12.974551484768401 -51.472025844789854 -40.87005043927304 -20.449251772363986 -98.01141960733669
 Mean_loss: 95.93155670,  training time: 33.12
7206.741007194245
Episode 139
 reward: -13.042606857419495 -51.91182842450725 -40.424964957689966 -20.47235367128898 -97.37254457129718
 Mean_loss: 76.19804382,  training time: 33.03
7207.620714285715
Episode 140
 reward: -12.80599680659646 -52.012002898016725 -40.61647549599137 -20.881263127454158 -97.92736892718183
 Mean_loss: 233.04475403,  training time: 32.92
7209.441843971632
Episode 141
 reward: -13.0474242284165 -51.2873640165736 -40.46004309852224 -20.405195016924814 -97.99571725584565
 Mean_loss: 66.31955719,  training time: 33.13
7212.198591549296
Episode 142
 reward: -12.797852344263909 -51.98358882240984 -40.40342576936594 -20.374367297510222 -97.4100196927712
 Mean_loss: 154.23197937,  training time: 33.11
7213.468531468532
Episode 143
 reward: -13.23843816650504 -51.93715074548659 -40.30066797265186 -20.24824242707641 -97.72266029742973
 Mean_loss: 197.55690002,  training time: 33.17
7214.479166666667
Episode 144
 reward: -13.170034780586528 -51.729325992669274 -40.870209363657196 -20.588216961941022 -97.95533967639449
 Mean_loss: 294.02865601,  training time: 33.06
7215.787586206897
Episode 145
 reward: -13.137262307582665 -51.53757172882479 -40.59636468422225 -20.88712410774134 -97.70577903330452
 Mean_loss: 75.08601379,  training time: 33.13
7217.503424657534
Episode 146
 reward: -12.881257357731318 -51.678650858303016 -40.47580003959794 -20.72881154236274 -97.88530710604282
 Mean_loss: 137.14167786,  training time: 33.43
7218.931972789115
Episode 147
 reward: -12.725894196758492 -51.69866109876667 -40.90240312678321 -20.829994600551778 -97.60514645096926
 Mean_loss: 122.54321289,  training time: 33.17
7221.090540540541
Episode 148
 reward: -13.161028135742862 -51.839740889650805 -40.78905466194154 -20.405475375896593 -98.1381372412254
 Mean_loss: 75.95114899,  training time: 33.10
7222.271140939598
Episode 149
 reward: -13.279124894779097 -51.86228566932232 -40.604571448486666 -20.786464561167833 -97.99175360709012
 Mean_loss: 77.65575409,  training time: 33.04
7223.133333333333
Episode 150
 reward: -13.26209760170743 -51.98824227605871 -40.742942714010304 -20.524882297828192 -98.01036907099505
 Mean_loss: 114.63607025,  training time: 33.11
7224.34701986755
Episode 151
 reward: -12.846970749739352 -51.62031744007402 -40.941480198894105 -20.62724793648922 -98.40154638990548
 Mean_loss: 111.13419342,  training time: 33.19
7225.497368421054
Episode 152
 reward: -12.953166944606874 -51.720975764920105 -41.06120543464264 -20.78620064313581 -97.99766296963301
 Mean_loss: 100.27220154,  training time: 33.08
7225.696078431373
Episode 153
 reward: -13.367903937062938 -51.9861603635994 -40.576408021616444 -20.628746590549095 -97.88536086828847
 Mean_loss: 77.61244965,  training time: 33.03
7228.170129870129
Episode 154
 reward: -12.804833590544243 -51.82566829283121 -40.05253496548805 -20.440653031566047 -97.94833792713561
 Mean_loss: 179.76438904,  training time: 33.08
7229.4729032258065
Episode 155
 reward: -12.993360929796982 -51.860958073308026 -41.0212507365665 -20.32573620824835 -98.2206694349953
 Mean_loss: 84.32881927,  training time: 33.27
7231.246794871795
Episode 156
 reward: -13.23140950557889 -51.70445447588357 -40.69777442394481 -20.64363278798638 -98.02839564418608
 Mean_loss: 109.26479340,  training time: 33.16
7231.2713375796175
Episode 157
 reward: -13.306500821757442 -51.57007130615434 -40.557645471749744 -20.65393048410088 -98.1489288548543
 Mean_loss: 75.70420074,  training time: 33.23
7233.079746835443
Episode 158
 reward: -13.090220913164057 -51.866339796549326 -40.937883887540764 -20.41534058263809 -97.43817311808797
 Mean_loss: 119.09348297,  training time: 33.15
7234.700628930817
Episode 159
 reward: -13.071762671871378 -51.83275656765352 -40.58853368105743 -20.31101828422945 -97.92683816552712
 Mean_loss: 55.90047073,  training time: 33.06
7235.859375
Episode 160
 reward: -13.236657077196986 -51.667460914066325 -40.53787342109657 -20.53092255704025 -97.43556418903086
 Mean_loss: 63.64162064,  training time: 32.75
7236.740372670807
Episode 161
 reward: -13.116974255461226 -52.071999866329904 -41.252840969570855 -20.5023402400333 -97.9299943594965
 Mean_loss: 207.64286804,  training time: 32.86
7237.0123456790125
Episode 162
 reward: -12.96033365341891 -51.90148721166363 -41.1980293774269 -20.713956509544296 -97.99225664051446
 Mean_loss: 52.77642822,  training time: 33.18
7237.596319018406
Episode 163
 reward: -13.22520585326538 -52.040075402128195 -40.67357694877204 -20.877980557397102 -98.23390304695045
 Mean_loss: 63.50658035,  training time: 32.88
7238.629878048781
Episode 164
 reward: -13.153076636239481 -51.9760768895073 -40.62455768066557 -20.744267183348786 -98.16261367140552
 Mean_loss: 119.86569977,  training time: 33.04
7239.042424242425
Episode 165
 reward: -13.063186672023813 -51.973976287538314 -40.6289270442391 -20.67746272098871 -98.28941326327167
 Mean_loss: 58.82158279,  training time: 33.17
7239.731927710844
Episode 166
 reward: -13.273430679113336 -51.988366869207525 -41.009944967579635 -20.534184559292903 -98.1054575952307
 Mean_loss: 280.52877808,  training time: 33.16
7240.869461077845
Episode 167
 reward: -13.353979602375905 -51.65900722300576 -40.47970857390318 -20.567098245113385 -97.94311621679401
 Mean_loss: 104.55930328,  training time: 33.10
7241.979166666667
Episode 168
 reward: -13.287402558010651 -51.70410767388929 -40.91051593924371 -20.38224562158917 -97.95672862791841
 Mean_loss: 49.18230820,  training time: 33.06
7242.590532544378
Episode 169
 reward: -13.142246948684853 -52.06815296477905 -40.82898060654063 -20.837109669912774 -98.370973128977
 Mean_loss: 212.75944519,  training time: 33.14
7243.914117647059
Episode 170
 reward: -13.087811203994594 -51.6216188456685 -40.75394817307524 -20.289368524136755 -98.22639264725989
 Mean_loss: 163.76472473,  training time: 33.04
7246.226315789475
Episode 171
 reward: -13.335098258930532 -51.766448586094114 -40.00166236676246 -20.4466125951964 -98.33648292457869
 Mean_loss: 166.75918579,  training time: 33.24
7247.079651162791
Episode 172
 reward: -13.19865565471078 -52.28880349439571 -41.14358785853634 -20.629737978173047 -98.5333733517242
 Mean_loss: 55.66958618,  training time: 33.08
7247.874566473988
Episode 173
 reward: -13.267665108400786 -51.86036604840333 -40.61477484604113 -20.807843330092403 -98.29432623451623
 Mean_loss: 50.98631668,  training time: 33.02
7249.155747126437
Episode 174
 reward: -13.316111141290795 -51.635786995556415 -40.37100254570154 -20.72495461138488 -98.35072318895536
 Mean_loss: 64.85276031,  training time: 33.05
7249.941142857142
Episode 175
 reward: -13.344850617789922 -52.074683500584854 -40.83182058659678 -20.391888086329743 -98.07173564268346
 Mean_loss: 189.77893066,  training time: 33.13
7249.657954545454
Episode 176
 reward: -13.392875628451458 -52.162718496593435 -41.170502887090734 -20.876526807703318 -98.42167794552134
 Mean_loss: 78.55690765,  training time: 32.94
7249.837288135594
Episode 177
 reward: -13.2144926533867 -52.22998510298392 -40.79073219102558 -20.85722985972252 -98.46241239147712
 Mean_loss: 119.64015961,  training time: 32.87
7250.504494382022
Episode 178
 reward: -13.17358597252173 -52.066175674483624 -40.67368639212495 -20.812410083453965 -97.42666175746089
 Mean_loss: 47.65833664,  training time: 33.16
7251.296089385475
Episode 179
 reward: -13.074353518194021 -52.252416136144916 -40.8183912602149 -20.799003577950224 -98.41982891399786
 Mean_loss: 149.80210876,  training time: 32.95
7251.295
Episode 180
 reward: -13.550754349730454 -51.999344705003715 -40.59634515132766 -20.647809841411668 -97.80061533472966
 Mean_loss: 117.51583099,  training time: 32.96
7250.4977900552485
Episode 181
 reward: -13.329201406731318 -52.126594932121705 -40.811439921874936 -20.969791316745578 -98.43830011177779
 Mean_loss: 61.17520905,  training time: 33.05
7251.587912087913
Episode 182
 reward: -13.034266659930676 -51.76142048784703 -40.401629193914985 -20.360130668961773 -98.11854702986867
 Mean_loss: 278.91342163,  training time: 33.18
7253.051912568306
Episode 183
 reward: -13.138810483538304 -51.669064126550325 -40.571338247681254 -20.33805846298574 -98.63396766955029
 Mean_loss: 233.96853638,  training time: 33.04
7253.82554347826
Episode 184
 reward: -13.264244821493055 -52.02274315566765 -40.5873986992534 -20.604762353611626 -97.99230319467561
 Mean_loss: 93.06768036,  training time: 33.03
7255.500540540541
Episode 185
 reward: -13.280184101342835 -51.62625999086178 -40.57450143959353 -20.388464369463286 -98.16418394466065
 Mean_loss: 75.67298889,  training time: 33.16
7255.597311827957
Episode 186
 reward: -13.352558311945995 -51.99757453146807 -40.73035564997428 -20.796103795375704 -98.41888082453629
 Mean_loss: 147.65049744,  training time: 33.27
7256.898395721925
Episode 187
 reward: -13.048637360215517 -52.480863239959056 -41.08024766454916 -20.57206452098398 -98.79364182031495
 Mean_loss: 77.94103241,  training time: 33.00
7257.341489361703
Episode 188
 reward: -13.195988804785339 -52.11768457603101 -40.5406879279713 -20.811538614503014 -98.58924881103403
 Mean_loss: 273.91210938,  training time: 33.11
7258.165608465608
Episode 189
 reward: -13.13344675870942 -52.05966803746833 -40.926178200956265 -20.694822093028513 -98.13021113399923
 Mean_loss: 167.42674255,  training time: 32.94
7258.316315789473
Episode 190
 reward: -13.337248915291585 -52.27266469541238 -40.675633982489856 -20.912424575208313 -98.33934553504949
 Mean_loss: 195.47644043,  training time: 32.92
7259.6293193717265
Episode 191
 reward: -13.205676125824803 -52.20335315495841 -40.81566344713168 -20.280810598342924 -98.26945754293789
 Mean_loss: 103.82276917,  training time: 32.94
7260.300520833333
Episode 192
 reward: -13.154462584164625 -52.32343696484497 -40.891404613035924 -20.806013502389174 -98.12700918947527
 Mean_loss: 146.19839478,  training time: 32.90
7261.051295336787
Episode 193
 reward: -13.031289808168324 -52.178535094858 -40.88730225665627 -20.908609243246218 -98.89297070204569
 Mean_loss: 140.39184570,  training time: 32.99
7262.197938144329
Episode 194
 reward: -13.174813330804573 -52.261242591875295 -41.10817017291363 -20.118499294213308 -97.24798149154202
 Mean_loss: 79.45990753,  training time: 32.86
7263.366666666667
Episode 195
 reward: -13.139692894871342 -52.09705075897981 -40.936179240193006 -20.46728289121125 -98.51193526889647
 Mean_loss: 100.95310211,  training time: 32.78
7264.282653061224
Episode 196
 reward: -13.290784030775924 -51.93776349599142 -41.08479008112264 -20.763480096004095 -98.3800344769979
 Mean_loss: 307.90054321,  training time: 33.00
7265.0609137055835
Episode 197
 reward: -13.12890969955482 -51.96849157836774 -41.00101158824545 -20.72641058196159 -98.42744329131425
 Mean_loss: 68.24254608,  training time: 33.12
7265.7823232323235
Episode 198
 reward: -12.88166379106347 -52.37555035977099 -41.046687443179486 -20.562000995939933 -98.03328507750287
 Mean_loss: 64.56152344,  training time: 33.11
7266.698994974873
Episode 199
 reward: -12.990556907546878 -52.215743375738725 -40.79702687923871 -20.342079128810685 -98.22615869236463
 Mean_loss: 117.95220184,  training time: 33.05
7267.3765
Episode 200
 reward: -13.177179207778257 -52.2767754650965 -41.02889646795979 -20.456100954464464 -98.6309217592221
 Mean_loss: 66.80368805,  training time: 33.20
