(CVXPY) Apr 01 05:28:51 PM: Encountered unexpected exception importing solver GLOP:
RuntimeError('Unrecognized new version of ortools (9.8.3296). Expected < 9.5.0.Please open a feature request on cvxpy to enable support for this version.')
(CVXPY) Apr 01 05:28:51 PM: Encountered unexpected exception importing solver PDLP:
RuntimeError('Unrecognized new version of ortools (9.8.3296). Expected < 9.5.0.Please open a feature request on cvxpy to enable support for this version.')
/home/wlc/miniconda3/envs/RL-torch/lib/python3.10/site-packages/torchvision/io/image.py:13: UserWarning: Failed to load image Python extension: '/home/wlc/miniconda3/envs/RL-torch/lib/python3.10/site-packages/torchvision/image.so: undefined symbol: _ZN3c104cuda9SetDeviceEi'If you don't plan on using image functionality from `torchvision.io`, you can ignore this warning. Otherwise, there might be something wrong with your environment. Did you have `libjpeg` or `libpng` installed before building `torchvision` from source?
  warn(
MAMLEC
[5, 9, 13, 17, 21, 25] [25, 21, 17, 13, 9, 5] [25, 21, 17, 13, 9, 5]
python ./train/multi_task_maml_exp18.py --logdir ./runs/MAMLEC/maml/train_model --model_suffix MAMLECmaml --maml_model True --meta_iterations 500 --num_tasks 6 --hidden_dim_actor 512 --hidden_dim_critic 512 --n_j_options 5 9 13 17 21 25 --n_m_options 25 21 17 13 9 5 --op_per_job_options 25 21 17 13 9 5 --fea_j_input_dim 12 --fea_m_input_dim 9 --factor_Mk 0.0 --factor_Ec 1.0
['--logdir', './runs/MAMLEC/maml/train_model', '--model_suffix', 'MAMLECmaml', '--maml_model', 'True', '--meta_iterations', '500', '--num_tasks', '6', '--hidden_dim_actor', '512', '--hidden_dim_critic', '512', '--n_j_options', '5', '9', '13', '17', '21', '25', '--n_m_options', '25', '21', '17', '13', '9', '5', '--op_per_job_options', '25', '21', '17', '13', '9', '5', '--fea_j_input_dim', '12', '--fea_m_input_dim', '9', '--factor_Mk', '0.0', '--factor_Ec', '1.0']
-------------------------Training Setting-------------------------
source : SD2
vali_data = ./data/data_train_vali/SD2/10x5x0+mix
save model name:  maml+MAMLECmaml1711963732
vali data :./data/data_train_vali/SD2/10x5x0+mix
instance dir : ./data/data_train_vali/SD2/10x5x0+mix/123
tensorboard logdir: ./runs/MAMLEC/maml/train_model


../trained_network/SD2/10x5+mix.pth
self.n_js:  [5, 9, 13, 17, 21, 25]
self.n_m_options:  [25, 21, 17, 13, 9, 5]
self.op_per_job_options:  [25, 21, 17, 13, 9, 5]
Episode 1
 reward: -32.87049295452166 -42.83078562545643 -52.90016125579211 -50.17415569504107 -40.27242284791458 -23.39258599872274
 Mean_loss: 100019.07812500,  training time: 37.22
Episode 2
 reward: -33.18052862091779 -42.81412050271405 -53.51098473953518 -50.16055696105515 -40.034145584148945 -23.570220051172797
 Mean_loss: 118554.04687500,  training time: 35.53
Episode 3
 reward: -32.19463204785602 -43.27892763447388 -53.23876017055979 -49.80187731586905 -40.16653589078521 -23.567103569600476
 Mean_loss: 97115.20312500,  training time: 35.59
Episode 4
 reward: -32.97514944320956 -41.637825042733496 -53.58939026310143 -49.556441308474476 -39.90296617357147 -23.25201800059627
 Mean_loss: 78628.85937500,  training time: 36.61
Episode 5
 reward: -33.215467735575 -42.14326888081537 -53.31779784652664 -50.14890249560456 -39.96893030210619 -23.129645944590074
 Mean_loss: 109122.39843750,  training time: 29.30
Episode 6
 reward: -32.689199460984085 -42.50132810495133 -53.43332443278403 -49.45392873079311 -39.91047418859709 -23.250485476399884
 Mean_loss: 114246.25000000,  training time: 28.02
Episode 7
 reward: -34.00193446737594 -43.3935013007121 -53.46948570439376 -49.932718210656596 -39.47506845058233 -23.311315720967407
 Mean_loss: 162089.50000000,  training time: 27.99
Episode 8
 reward: -32.61968078632867 -42.04664383309431 -53.579828238050865 -50.165893115141344 -39.97584447066918 -23.070877904266418
 Mean_loss: 113172.89062500,  training time: 28.11
Episode 9
 reward: -33.209633058474466 -42.993017408638664 -52.99174179765673 -49.426835480275045 -39.93147998657354 -22.818578690456867
 Mean_loss: 103430.70312500,  training time: 27.99
Episode 10
 reward: -33.197423538520795 -42.178349108428016 -53.38389960323442 -49.70425392183269 -39.67937309941414 -22.989465287638772
 Mean_loss: 124496.15625000,  training time: 28.07
Episode 11
 reward: -32.72367598430101 -41.93289801919517 -53.36524557482153 -49.661418315452885 -39.39528357965928 -22.94729799759411
 Mean_loss: 138074.67187500,  training time: 28.36
Episode 12
 reward: -32.516434369352964 -42.42336211037433 -53.11093245095956 -49.850010070227725 -39.42159549780196 -22.732315422024776
 Mean_loss: 157218.68750000,  training time: 28.39
Episode 13
 reward: -32.19602128261654 -43.146556252747345 -53.10552668235268 -49.747014548065394 -39.596192699971525 -22.82627920371015
 Mean_loss: 102620.82812500,  training time: 28.53
Episode 14
 reward: -32.11764916645675 -42.932016186437956 -53.5500233682101 -49.76765314902644 -39.31179898486758 -22.086181824466816
 Mean_loss: 116185.76562500,  training time: 28.35
Episode 15
 reward: -32.42588707568757 -41.299001787529825 -53.00130277497906 -49.424261917467405 -39.094435354217445 -22.27424081249139
 Mean_loss: 116864.60937500,  training time: 28.37
Episode 16
 reward: -33.07432262879429 -42.44674059791106 -52.84767104427715 -49.636819867582545 -39.59976784206586 -22.750621197990817
 Mean_loss: 134995.12500000,  training time: 28.46
Episode 17
 reward: -33.228911844417574 -42.17781843054156 -53.54082715357106 -49.80622242380572 -39.54751897862442 -22.880964379985286
 Mean_loss: 169360.03125000,  training time: 28.26
Episode 18
 reward: -32.22892483204905 -41.89570062193718 -53.242537342681274 -49.632134637810694 -39.79922608988601 -22.887786542444292
 Mean_loss: 189515.59375000,  training time: 28.29
Episode 19
 reward: -32.617616669364494 -42.351877720278935 -53.35796414379244 -50.258543892374554 -39.43336075281059 -22.748836101866196
 Mean_loss: 117224.95312500,  training time: 28.18
Episode 20
 reward: -33.21137646187667 -42.6404235992034 -53.59392784968052 -49.79000130855514 -39.158796520055695 -22.811077331273378
 Mean_loss: 102346.35937500,  training time: 28.38
Episode 21
 reward: -32.772362603486314 -42.26215758466073 -53.505602499196904 -49.64568716265336 -39.282233782735716 -22.848669708685456
 Mean_loss: 136947.64062500,  training time: 28.41
Episode 22
 reward: -32.337803291863565 -42.69905765904629 -53.35004554044741 -49.921804060719644 -39.45186778956578 -22.761855034823704
 Mean_loss: 88861.02343750,  training time: 28.36
Episode 23
 reward: -32.82900030117462 -43.6341876711513 -53.618519716616255 -49.7288081189687 -39.81958228276864 -22.691353588897563
 Mean_loss: 156148.31250000,  training time: 28.31
Episode 24
 reward: -32.40079662251478 -42.40539910528312 -53.51413488968832 -49.962132930369634 -39.62655464820982 -23.25022220047331
 Mean_loss: 123537.70312500,  training time: 28.36
Episode 25
 reward: -32.89204789577475 -43.069762623791995 -53.87342216377069 -49.89982617354226 -39.94246418466426 -22.962791660991073
 Mean_loss: 96021.14062500,  training time: 28.28
Episode 26
 reward: -32.64810015670614 -42.29569366647773 -53.663651308952716 -49.95223130771326 -39.50933479658263 -23.081076682128444
 Mean_loss: 126678.76562500,  training time: 28.35
Episode 27
 reward: -32.72602161156176 -42.749314768748874 -53.178422286492605 -50.01426364868595 -40.1288853597727 -22.844858993576526
 Mean_loss: 134238.20312500,  training time: 28.35
Episode 28
 reward: -33.378204515730225 -42.850035426285544 -52.807742093642446 -49.966222486696886 -39.291742336528145 -22.693226321746316
 Mean_loss: 121045.01562500,  training time: 28.49
Episode 29
 reward: -32.31281388604047 -42.780837867774366 -53.160960638008284 -49.752617474387286 -39.686851899685216 -22.834073361819144
 Mean_loss: 140725.64062500,  training time: 28.67
Episode 30
 reward: -32.74026339946668 -42.88553674527036 -54.24563792796689 -49.527124098402 -39.62674063473476 -22.953609454030307
 Mean_loss: 104939.25000000,  training time: 28.46
Episode 31
 reward: -31.845975709718097 -43.80880857772918 -53.3312541624598 -50.079808224684385 -39.85693509050786 -23.096567116650963
 Mean_loss: 128641.85937500,  training time: 28.56
Episode 32
 reward: -32.56912116819758 -44.16416638814898 -53.2651814692281 -50.16829296656007 -39.660830368138235 -22.892938851241674
 Mean_loss: 143962.15625000,  training time: 28.47
Episode 33
 reward: -33.250867764843996 -42.87000445577587 -53.57527469145616 -50.242674355025706 -39.94304419306376 -23.104158244045205
 Mean_loss: 100331.07812500,  training time: 28.35
Episode 34
 reward: -32.43976742546211 -43.041972610824246 -53.81384652199167 -49.4194584465258 -40.03430268231875 -23.053934109273996
 Mean_loss: 135474.98437500,  training time: 28.36
Episode 35
 reward: -32.61040371568474 -42.571818700788036 -53.830796466270286 -50.010786488225975 -39.80848351720476 -22.76055318989317
 Mean_loss: 83567.81250000,  training time: 28.37
Episode 36
 reward: -32.287577789206715 -42.922457778009985 -53.5116449801758 -49.90816662383136 -39.941729063161375 -23.17605611322728
 Mean_loss: 111789.67968750,  training time: 28.56
Episode 37
 reward: -33.02630455894505 -42.19662017690884 -53.63324146387704 -50.035445459152456 -39.53878429230417 -23.257764999654146
 Mean_loss: 198954.09375000,  training time: 28.59
Episode 38
 reward: -32.227032080496976 -42.527890575601646 -53.368010261320705 -50.2840538849773 -39.6082081921935 -23.038312254720147
 Mean_loss: 121816.31250000,  training time: 28.62
Episode 39
 reward: -32.73221623446066 -43.71233904772432 -52.95237881081316 -50.546843900185834 -39.57917049860041 -23.373288336348597
 Mean_loss: 100449.27343750,  training time: 28.63
Episode 40
 reward: -33.05908707303488 -43.1968057383434 -53.25354094318436 -49.97585448823408 -40.07158857415165 -23.250261773711404
 Mean_loss: 124524.39843750,  training time: 28.61
Episode 41
 reward: -33.33406562023174 -43.06215687357552 -53.70499112124675 -50.23176858217114 -39.591716138007925 -23.234455637398202
 Mean_loss: 113929.93750000,  training time: 28.48
Episode 42
 reward: -33.0653249715185 -43.72459927864935 -54.00883943659502 -50.001896363130804 -39.86856705556479 -23.158832671385337
 Mean_loss: 134189.45312500,  training time: 28.61
Episode 43
 reward: -32.70222482319459 -43.386052970088066 -53.30580506773599 -50.502529631211736 -39.98619253479926 -23.31379814054652
 Mean_loss: 108444.75000000,  training time: 28.53
Episode 44
 reward: -33.47202741082735 -43.499541566202424 -53.43866367946723 -50.78895366883718 -39.79072917423801 -23.467584987588268
 Mean_loss: 109264.70312500,  training time: 28.57
Episode 45
 reward: -32.93903219442355 -42.52930489138204 -53.57982810937362 -50.23239564703629 -39.962676106581696 -23.47910499158157
 Mean_loss: 168886.07812500,  training time: 28.54
Episode 46
 reward: -32.62055885502677 -43.850235433144256 -53.470253228133956 -50.008909965305584 -39.56124166269906 -23.238524397002998
 Mean_loss: 184966.48437500,  training time: 28.52
Episode 47
 reward: -33.09447356172459 -43.127460766420484 -53.35926927871492 -50.15983775646883 -40.359304254656095 -23.13010264210731
 Mean_loss: 224101.87500000,  training time: 28.63
Episode 48
 reward: -33.90102686678772 -43.80052694758831 -54.271315580274006 -50.19206304664819 -39.98825789149184 -23.432033585707096
 Mean_loss: 147351.45312500,  training time: 28.56
Episode 49
 reward: -33.212212865205764 -43.73137415623246 -53.74256851871328 -50.225137682886455 -40.15360924617997 -23.446893994322046
 Mean_loss: 155923.35937500,  training time: 28.57
Episode 50
 reward: -33.95621853742396 -43.685995627033 -53.246763615577855 -50.232231053018054 -39.85280142607263 -23.400032712071308
 Mean_loss: 127289.09375000,  training time: 28.62
Episode 51
 reward: -32.42364255071684 -44.30687741214873 -53.34392771169431 -50.106026695568 -39.93436966022607 -23.538180841997967
 Mean_loss: 103216.57812500,  training time: 28.55
Episode 52
 reward: -33.280531696275986 -43.45020444845453 -53.83630239758427 -50.58890556426534 -40.01389126952169 -23.410453923013424
 Mean_loss: 83908.42187500,  training time: 28.70
Episode 53
 reward: -32.925141786609856 -43.71346833994287 -53.45341965020575 -50.386458033555975 -40.39417505167598 -23.47124356438254
 Mean_loss: 106010.12500000,  training time: 28.58
Episode 54
 reward: -32.68072124158639 -43.72549841378194 -54.281869534883825 -50.105340131927655 -40.03872105763138 -23.526633762243655
 Mean_loss: 114285.79687500,  training time: 28.55
Episode 55
 reward: -33.21999546124139 -44.07797485558534 -53.78016775999415 -49.81151045742916 -40.06601460301933 -23.692005560688816
 Mean_loss: 99895.21875000,  training time: 28.59
Episode 56
 reward: -32.338941609832276 -42.81169447432185 -53.809062552509 -50.52271401109357 -40.03845266186592 -23.526993729927018
 Mean_loss: 130818.18750000,  training time: 28.44
Episode 57
 reward: -32.46343299111463 -43.54136619975659 -54.15985207440385 -50.20900599031245 -40.22197148970254 -23.78873701118205
 Mean_loss: 120671.76562500,  training time: 28.65
Episode 58
 reward: -33.10025523661234 -43.54889734794673 -53.85189804291175 -50.6231106555401 -40.45240892447704 -23.639802012543402
 Mean_loss: 146298.84375000,  training time: 28.50
Episode 59
 reward: -32.73152584554655 -43.97822173330943 -53.99162513343697 -50.021811025874406 -40.364223043871505 -23.59249402664496
 Mean_loss: 164920.12500000,  training time: 28.22
Episode 60
 reward: -33.720078764833396 -43.3086716185952 -53.41903320078103 -50.59786604634557 -40.286328290580514 -23.652414805919364
 Mean_loss: 115387.53125000,  training time: 28.24
Episode 61
 reward: -32.84538566670253 -42.92170738208743 -53.62465958491974 -50.3184476238762 -40.493245550162534 -23.625244055077594
 Mean_loss: 158124.93750000,  training time: 28.25
Episode 62
 reward: -33.628787879720676 -43.29508420602237 -54.46800785538094 -50.4427702048127 -40.49447905808518 -23.658315014563975
 Mean_loss: 138093.21875000,  training time: 28.33
Episode 63
 reward: -32.634475025462734 -43.86187888731579 -53.70868698382071 -50.40165215329297 -40.571772555155285 -23.76117576165405
 Mean_loss: 164519.09375000,  training time: 28.47
Episode 64
 reward: -33.18745808949152 -44.302753432941074 -54.82511477666738 -50.302916922859836 -40.585122185334846 -23.589565893023007
 Mean_loss: 123344.33593750,  training time: 28.43
Episode 65
 reward: -32.540437588451184 -43.23363023801742 -54.74917677063969 -50.292583917084315 -40.50243126527487 -23.752839541454954
 Mean_loss: 100765.24218750,  training time: 28.68
Episode 66
 reward: -33.04168676559434 -43.36034900676576 -53.70491451169098 -50.524605092257914 -40.88113579729858 -23.784652199521304
 Mean_loss: 115042.68750000,  training time: 28.46
Episode 67
 reward: -32.77456783094399 -43.505053785442556 -54.227347848937576 -50.41815518961143 -40.460225006288134 -23.515756029653094
 Mean_loss: 160742.07812500,  training time: 28.53
Episode 68
 reward: -33.04906846745398 -43.41149675755073 -53.825657479390486 -50.37598590798525 -40.61138149222216 -23.609450280051426
 Mean_loss: 144401.25000000,  training time: 28.62
Episode 69
 reward: -32.89693539101627 -43.35165871795048 -54.14112646640204 -50.17520925538637 -40.521616999680454 -23.576992862664277
 Mean_loss: 91803.46875000,  training time: 28.54
Episode 70
 reward: -32.383504953899816 -43.16264936788375 -53.84266775449889 -50.67914687413778 -40.6575345515546 -23.62008789191589
 Mean_loss: 103321.75000000,  training time: 28.65
Episode 71
 reward: -33.094367990877075 -42.840682095434786 -53.394421074358604 -50.713805341282004 -40.528410563894276 -23.66322264771164
 Mean_loss: 98721.17187500,  training time: 28.65
Episode 72
 reward: -33.267663531618794 -43.21420846428325 -54.42899089391746 -50.86838496442643 -40.602055526794956 -23.647821531759796
 Mean_loss: 148593.82812500,  training time: 28.63
Episode 73
 reward: -31.961681118800197 -43.20871931249102 -53.472506469748375 -50.69594265847451 -40.78989423698408 -23.69723308429743
 Mean_loss: 124373.77343750,  training time: 28.71
Episode 74
 reward: -32.94889029026562 -42.94641342519827 -53.746964429858494 -50.52662587838808 -40.54951835084921 -23.62782835057801
 Mean_loss: 135507.25000000,  training time: 28.57
Episode 75
 reward: -32.46869621138926 -43.863094341854094 -53.362992608478045 -50.5306679726342 -40.665234972637464 -23.49634937205098
 Mean_loss: 202196.40625000,  training time: 28.58
Episode 76
 reward: -32.55064420466783 -43.17522226014419 -54.261312231737705 -50.29163237671119 -41.042146390871444 -23.544968774133842
 Mean_loss: 202752.92187500,  training time: 28.64
Episode 77
 reward: -32.73808358293663 -43.845063400494475 -53.2565173123503 -50.6278394142481 -40.81116393596446 -23.801801443810753
 Mean_loss: 182610.21875000,  training time: 28.56
Episode 78
 reward: -33.76121037301964 -43.409732883658044 -53.19243195194754 -50.52270570540399 -40.437734289925544 -23.482273941946865
 Mean_loss: 129318.65625000,  training time: 28.33
Episode 79
 reward: -33.04487297825199 -44.823150090713625 -54.06998946841899 -50.59680309014704 -40.78923244278383 -23.429810349821928
 Mean_loss: 154199.65625000,  training time: 28.59
Episode 80
 reward: -32.77363727426746 -44.057173479758845 -53.20353201534605 -50.554833714208954 -40.59226786467612 -23.67351615209207
 Mean_loss: 219814.31250000,  training time: 28.55
Episode 81
 reward: -32.47864315748215 -43.2687144215476 -53.331710161315435 -50.66084347562578 -40.55640423027181 -23.645695685562192
 Mean_loss: 124003.01562500,  training time: 28.67
Episode 82
 reward: -34.11254906861327 -43.034159864889524 -54.07831717675374 -50.06947786722137 -40.77385720614389 -23.519691056756315
 Mean_loss: 110264.76562500,  training time: 28.53
Episode 83
 reward: -32.259093659353674 -43.356210553827296 -54.215723419648995 -50.572529606656495 -40.57058963894183 -23.549098596309193
 Mean_loss: 206881.46875000,  training time: 28.57
Episode 84
 reward: -32.937501381403216 -43.51524671665004 -53.251218888464734 -50.39862402597457 -40.685608301906896 -23.730601401230025
 Mean_loss: 71411.57031250,  training time: 28.55
Episode 85
 reward: -33.408505267605776 -43.99858536119084 -53.58868812473379 -51.131207527824905 -40.56099165469728 -23.604287198041536
 Mean_loss: 87169.02343750,  training time: 28.59
Episode 86
 reward: -32.40040012617074 -43.740854508481824 -53.51183673901302 -50.36783429950822 -40.71192027168677 -23.39242419713922
 Mean_loss: 125423.12500000,  training time: 28.70
Episode 87
 reward: -32.957157606855844 -43.891040654084144 -53.29081009234651 -50.640836518733465 -40.405882810696774 -23.547669615971014
 Mean_loss: 114500.60937500,  training time: 28.65
Episode 88
 reward: -34.189241966799116 -42.77344326132777 -53.711686919112196 -50.34484057485655 -40.77230695396652 -23.42510056413846
 Mean_loss: 136308.78125000,  training time: 28.53
Episode 89
 reward: -33.001618478263616 -43.31001648076763 -53.23864914086255 -50.43368915179293 -40.38720568956093 -23.442993150420893
 Mean_loss: 121730.49218750,  training time: 28.60
Episode 90
 reward: -33.407712579693886 -42.48137374643896 -53.813031347731204 -50.56024905140846 -40.45881137802531 -23.4783946528613
 Mean_loss: 180795.98437500,  training time: 28.58
Episode 91
 reward: -32.432035845230985 -42.851762659848774 -53.989411044134116 -50.265003963496234 -40.417078787859715 -23.59994482147698
 Mean_loss: 116510.77343750,  training time: 28.64
Episode 92
 reward: -33.52662527297794 -43.13772180505068 -53.34586956717017 -50.190298781536725 -40.11510704339821 -23.19827349160726
 Mean_loss: 88836.96093750,  training time: 28.64
Episode 93
 reward: -33.433148529804974 -43.37470250389432 -53.752715707022745 -50.33692508612514 -40.68790521840187 -23.34869808000979
 Mean_loss: 105039.62500000,  training time: 28.73
Episode 94
 reward: -32.30433098495514 -43.752353176827384 -53.98349950859813 -49.97733076311164 -40.41726805133172 -23.332129200582518
 Mean_loss: 169237.78125000,  training time: 28.64
Episode 95
 reward: -32.93316488187229 -43.12035151779313 -53.1866192376463 -50.14902250753049 -40.31379115213631 -23.285371866369246
 Mean_loss: 197349.67187500,  training time: 28.45
Episode 96
 reward: -33.12069570838189 -43.43631996488305 -52.56835331738116 -50.161206927139894 -40.34751240567804 -23.117943834177023
 Mean_loss: 199175.50000000,  training time: 28.49
Episode 97
 reward: -33.8767257208573 -43.00721487677824 -53.501473476076875 -50.646980907809514 -40.11112019042163 -22.922011177978174
 Mean_loss: 241798.37500000,  training time: 28.37
Episode 98
 reward: -32.617637253053864 -42.9348136266604 -52.999639508259385 -50.48513105214646 -40.27057281710523 -22.928301940306177
 Mean_loss: 172550.75000000,  training time: 28.26
Episode 99
 reward: -32.34285830564549 -42.83286006449839 -53.25099011471987 -50.1492630925674 -40.38500742605238 -23.13875466344731
 Mean_loss: 314706.37500000,  training time: 28.50
Episode 100
 reward: -32.21593071433099 -44.032719096342966 -53.65978531925462 -50.23913475867847 -40.27606914975409 -22.861144351029722
 Mean_loss: 192832.59375000,  training time: 28.43
Episode 101
 reward: -33.216806044907116 -43.24844149626724 -53.330054960891154 -50.348842792468744 -40.29487565024992 -22.676403713780765
 Mean_loss: 170084.62500000,  training time: 28.34
Episode 102
 reward: -33.2224508958941 -43.906024995605186 -53.057927277247316 -50.119558518661385 -39.8083994895829 -22.83194580830201
 Mean_loss: 177893.59375000,  training time: 28.44
Episode 103
 reward: -32.660145051575 -43.3781380282396 -53.529764236663695 -49.976405893874 -40.36285889098289 -22.83166718950321
 Mean_loss: 184682.65625000,  training time: 28.33
Episode 104
 reward: -31.934577728641216 -42.78000100330904 -53.942879156658435 -50.24260161304066 -40.05541586545081 -22.703353221916323
 Mean_loss: 151085.48437500,  training time: 28.42
Episode 105
 reward: -31.542925533834296 -42.86337839964051 -52.729781698449486 -49.91490078123245 -39.73270495284445 -22.42294741924758
 Mean_loss: 186407.48437500,  training time: 28.34
Episode 106
 reward: -33.95690858839007 -43.05434295064019 -53.53056576046818 -50.29214620877038 -39.97576874948567 -22.99468230931524
 Mean_loss: 131905.57812500,  training time: 28.32
Episode 107
 reward: -32.92649533718027 -44.02532617128022 -53.8957339157936 -50.176041974341125 -39.75373766545282 -22.57065294041857
 Mean_loss: 126880.83593750,  training time: 28.58
Episode 108
 reward: -33.037596336802 -44.09224092115868 -53.94135211880181 -50.08400786021976 -40.116534724059335 -22.931907116645153
 Mean_loss: 156547.45312500,  training time: 28.64
Episode 109
 reward: -31.90889847474323 -43.905223395668635 -53.34599699935109 -50.12131603766383 -40.152718289706435 -22.48940195257756
 Mean_loss: 150685.90625000,  training time: 28.70
Episode 110
 reward: -32.693527843049154 -42.992726704149526 -53.34404757002723 -50.222881276569936 -39.963039992248696 -22.670903721303546
 Mean_loss: 145347.62500000,  training time: 28.65
Episode 111
 reward: -32.602076206373155 -43.011637467721755 -53.630506642903505 -50.163023831703455 -40.09827321978835 -22.336869925763576
 Mean_loss: 164141.90625000,  training time: 28.51
Episode 112
 reward: -32.38961361724819 -43.12737079350775 -53.25897566082724 -49.7032417396332 -40.11026535421566 -22.76894095480673
 Mean_loss: 131604.89062500,  training time: 28.34
Episode 113
 reward: -32.85098692009037 -43.046944541953735 -53.94002938184116 -50.15036108307271 -40.236918945352095 -22.79434978158405
 Mean_loss: 181830.37500000,  training time: 28.58
Episode 114
 reward: -32.69129591247556 -44.08338860066076 -54.069865807293624 -50.26830894633733 -40.245817232179505 -22.71445632451441
 Mean_loss: 145923.78125000,  training time: 28.60
Episode 115
 reward: -33.234069920031104 -42.706651376994785 -54.47985158873017 -49.689026233152866 -39.912946299880744 -22.31090167038126
 Mean_loss: 87014.37500000,  training time: 28.68
Episode 116
 reward: -33.32855389963292 -43.38742724317099 -53.34082986245604 -50.40426594750253 -39.945224521937334 -22.568643401323165
 Mean_loss: 121511.10937500,  training time: 28.62
Episode 117
 reward: -33.20383941452265 -42.4335407046619 -53.56365838567476 -50.2764832987688 -40.23084581159855 -22.83606376294924
 Mean_loss: 135083.71875000,  training time: 28.63
Episode 118
 reward: -32.68476886697672 -43.68615521594376 -53.39785491815262 -49.66211378186868 -39.49396113727695 -22.82285203036873
 Mean_loss: 105721.80468750,  training time: 28.63
Episode 119
 reward: -32.69425517427594 -43.90799312139101 -53.23716752171113 -50.07585113094537 -40.01402683061167 -22.419877214329727
 Mean_loss: 146873.37500000,  training time: 28.62
Episode 120
 reward: -32.37392039118663 -44.04420774319328 -53.87410814298632 -49.78584092070507 -40.05005258710552 -22.678894751998655
 Mean_loss: 112681.56250000,  training time: 28.70
Episode 121
 reward: -33.85490066576303 -42.559883853099976 -53.554840213022565 -49.85885068522743 -39.91545287600281 -22.715580299400663
 Mean_loss: 85015.67187500,  training time: 28.57
Episode 122
 reward: -33.22865441135832 -43.86893485892479 -53.914044687314245 -49.95464329651178 -39.87809102767779 -22.322632161232676
 Mean_loss: 157743.60937500,  training time: 28.68
Episode 123
 reward: -32.743612879949794 -43.1181659099077 -53.466143094879314 -50.22707392396095 -40.162112221560086 -22.33365724852916
 Mean_loss: 102554.54687500,  training time: 28.62
Episode 124
 reward: -33.54345637455829 -43.91130386053661 -52.9623312546351 -50.23262588904737 -39.73724024417971 -22.80231605543363
 Mean_loss: 107575.80468750,  training time: 28.65
Episode 125
 reward: -33.553887633020324 -43.87535192933806 -54.191635392119 -50.115102464327585 -40.034366956428826 -22.61957598403242
 Mean_loss: 133223.53125000,  training time: 28.70
Episode 126
 reward: -32.971113194761394 -43.47850887078865 -54.124552339433535 -50.28240120319948 -39.309704635908005 -22.578681886393163
 Mean_loss: 201195.81250000,  training time: 28.60
Episode 127
 reward: -32.87368762716055 -42.92740870640139 -53.64124686286586 -49.92960154430758 -39.988682991476665 -22.735895976704057
 Mean_loss: 151837.37500000,  training time: 28.63
Episode 128
 reward: -33.459861961014006 -42.869680310095944 -53.27146811583017 -50.15659220564531 -39.680548478913245 -22.486757533842603
 Mean_loss: 167275.37500000,  training time: 28.67
Episode 129
 reward: -32.24140646680316 -43.51580320503924 -53.19760536004354 -49.8062152124628 -39.50421020279269 -23.02418672446188
 Mean_loss: 107539.14843750,  training time: 28.61
Episode 130
 reward: -32.77756593549675 -43.50305189855685 -53.776664317217204 -49.9456154321298 -39.513507478416855 -22.671245108908614
 Mean_loss: 150272.54687500,  training time: 28.72
Episode 131
 reward: -33.26152253658447 -43.79624446223922 -53.21741329456006 -50.20338856159368 -39.72925913184078 -22.326368724697943
 Mean_loss: 127587.74218750,  training time: 28.62
Episode 132
 reward: -33.837400160755166 -44.69849166247258 -53.56779588981825 -50.0212850774365 -40.01717111303661 -22.710425484989727
 Mean_loss: 80352.23437500,  training time: 28.59
Episode 133
 reward: -33.554423850086934 -43.650662969128064 -53.45215004924123 -49.79005334793045 -39.53653408523089 -22.829882069111804
 Mean_loss: 129755.52343750,  training time: 28.67
Episode 134
 reward: -31.529113062773924 -43.78445799973613 -53.80271016298546 -49.42978800052119 -39.586750061357236 -22.366985815359072
 Mean_loss: 209554.09375000,  training time: 28.73
Episode 135
 reward: -33.507311005313795 -43.78508922468874 -53.62889667659037 -49.82823218813766 -39.554035600965605 -22.80374381662971
 Mean_loss: 99842.64843750,  training time: 28.75
Episode 136
 reward: -32.2896058044043 -42.6034062328654 -54.2008371347647 -49.68027329192201 -39.933348761508356 -22.84332390583085
 Mean_loss: 126505.68750000,  training time: 28.67
Episode 137
 reward: -32.54064188319508 -44.91768332821626 -53.6513369529837 -50.08169767944422 -40.11332914307733 -22.546653309831974
 Mean_loss: 139925.92187500,  training time: 28.75
Episode 138
 reward: -32.66631589262924 -43.18864111266303 -53.57640224260526 -49.87051657289918 -39.75056482843151 -22.5686239732998
 Mean_loss: 176574.18750000,  training time: 28.72
Episode 139
 reward: -33.07836224908019 -43.072093905892146 -53.19441945801443 -50.126414903454574 -39.788979924314766 -22.5162429659324
 Mean_loss: 197198.10937500,  training time: 28.61
Episode 140
 reward: -31.77128829303383 -43.28559465773044 -53.23011282817164 -49.8853840354144 -39.78029249478761 -22.729022103043906
 Mean_loss: 199880.75000000,  training time: 28.62
Episode 141
 reward: -31.295354718444834 -43.60318160535439 -54.02625939017081 -49.8631695412653 -39.80412748304847 -22.810192856238718
 Mean_loss: 238659.78125000,  training time: 28.60
Episode 142
 reward: -31.60144457010988 -44.14486097236825 -54.298998151811205 -49.73932763642331 -39.46783821313288 -22.85443565686598
 Mean_loss: 158448.40625000,  training time: 28.58
Episode 143
 reward: -31.464178020191092 -43.33316300870909 -53.37283060482845 -49.77111626407549 -40.23717821710818 -22.972177409933636
 Mean_loss: 175309.09375000,  training time: 28.66
Episode 144
 reward: -31.258078007059886 -43.79070502006547 -54.06275641551069 -49.94905076396164 -39.43153895467764 -22.6051710230948
 Mean_loss: 174800.85937500,  training time: 28.55
Episode 145
 reward: -31.592176927235187 -44.589091868886534 -53.84895243209375 -50.419278396482305 -39.77679995658977 -22.844400626111035
 Mean_loss: 211695.40625000,  training time: 28.54
Episode 146
 reward: -34.12949682178869 -43.017143842508105 -53.37125489224396 -49.922935838708 -39.83419391252669 -22.651406696377983
 Mean_loss: 211637.84375000,  training time: 28.59
Episode 147
 reward: -33.25459090525137 -43.17182926293998 -53.97140759628799 -49.5381917920945 -39.84162479756566 -22.793368281649464
 Mean_loss: 92717.89062500,  training time: 28.52
Episode 148
 reward: -33.16943550900078 -44.680598735724594 -53.84431160938304 -49.97137308501053 -39.10738244514316 -23.152317506290895
 Mean_loss: 195040.62500000,  training time: 28.59
Episode 149
 reward: -32.605843965909024 -43.58795420056064 -53.50549521253845 -50.39773703890203 -39.689626949597276 -22.520346530422792
 Mean_loss: 136339.96875000,  training time: 28.57
Episode 150
 reward: -32.611760382697 -43.67002849349639 -53.36000678344095 -50.16775783424039 -39.97604679389086 -22.894406453074772
 Mean_loss: 179969.59375000,  training time: 28.64
Episode 151
 reward: -33.14244171405458 -44.65616583791423 -53.86233564634284 -50.005195402564325 -39.79562225435688 -23.09572062145015
 Mean_loss: 173987.96875000,  training time: 28.68
Episode 152
 reward: -33.15606914445341 -43.63761351918438 -53.70891340633053 -49.71854962742589 -40.135657198140194 -22.721393559073356
 Mean_loss: 92346.83593750,  training time: 28.63
Episode 153
 reward: -31.786830646135833 -43.24728733164794 -53.81455745281287 -49.86196798844802 -40.08864572228898 -22.879650025895714
 Mean_loss: 145382.09375000,  training time: 28.67
Episode 154
 reward: -32.68196208837526 -43.631796416915805 -53.28996378528823 -49.68330349383094 -39.80244516824145 -23.037499823748156
 Mean_loss: 117280.39062500,  training time: 28.65
Episode 155
 reward: -33.29761003966864 -43.88637842984174 -53.18194886270953 -49.90824645461521 -39.98139166795355 -22.31050743185136
 Mean_loss: 134951.31250000,  training time: 28.64
Episode 156
 reward: -33.11189351095582 -42.83821901357243 -53.29690851963507 -49.65368814627831 -40.050787828058034 -22.787407617078706
 Mean_loss: 165750.75000000,  training time: 28.66
Episode 157
 reward: -33.3604664936096 -43.32261691376518 -53.35279454729213 -49.45729547596053 -39.87915558114427 -22.59097493726046
 Mean_loss: 164184.62500000,  training time: 28.58
Episode 158
 reward: -32.23331145371458 -44.31343771630081 -53.5915139086987 -49.85026930048707 -39.92229868897026 -22.791105270476926
 Mean_loss: 157941.26562500,  training time: 28.55
Episode 159
 reward: -32.756956610972814 -44.8330498578346 -53.605590657935 -49.8742529703075 -39.638591202020514 -22.853420863414346
 Mean_loss: 165452.43750000,  training time: 28.71
Episode 160
 reward: -32.97462684441071 -44.18225875299703 -53.80610100733204 -50.242740209001425 -40.06769367081223 -22.538680779703597
 Mean_loss: 80804.37500000,  training time: 28.58
Episode 161
 reward: -33.52593706660282 -43.56960453744637 -53.64753898298376 -50.29991720447394 -39.758034616088885 -22.74990783541208
 Mean_loss: 102536.01562500,  training time: 28.62
Episode 162
 reward: -33.18133001965837 -43.69959311114074 -53.57244377059353 -49.84408171878904 -39.71228181385565 -22.852998386009666
 Mean_loss: 131319.84375000,  training time: 28.56
Episode 163
 reward: -33.41179121647606 -43.785196233037425 -53.78477760286016 -49.93980455499408 -39.83633274764926 -22.827018935333875
 Mean_loss: 196008.87500000,  training time: 28.71
Episode 164
 reward: -32.62039968632566 -44.36602283605729 -53.749234422382166 -50.072662121415995 -39.60356032501794 -22.74826372560252
 Mean_loss: 193727.65625000,  training time: 28.78
Episode 165
 reward: -31.819198002367056 -44.18301515622816 -53.377304241544394 -50.11374849293214 -39.321299712321874 -22.745558340784218
 Mean_loss: 149380.73437500,  training time: 28.65
Episode 166
 reward: -31.658869526751367 -44.022219326484105 -53.82634728814219 -50.086834542568496 -39.68852646356562 -22.460742805326888
 Mean_loss: 107672.53125000,  training time: 28.63
Episode 167
 reward: -32.33643876511296 -42.933538224439665 -53.66665529328507 -49.88480795245266 -39.97746822670917 -22.78596221414546
 Mean_loss: 86013.07031250,  training time: 28.55
Episode 168
 reward: -32.81119911055062 -43.62654086293496 -53.94874128068161 -50.21089254382325 -39.74621192067906 -22.99914136332806
 Mean_loss: 196123.90625000,  training time: 28.53
Episode 169
 reward: -33.01618234464722 -43.78521982419064 -53.96139600243369 -50.32164686539812 -40.135027322080255 -22.66845001249343
 Mean_loss: 101545.79687500,  training time: 28.56
Episode 170
 reward: -32.60880076613298 -44.32372368117517 -53.257162311098156 -49.95735424874097 -39.63588778385425 -22.74647657634934
 Mean_loss: 129283.75000000,  training time: 28.54
Episode 171
 reward: -32.46431114774582 -43.496699660525394 -53.759991979208074 -49.9242317145451 -39.92801854744944 -23.319176538538365
 Mean_loss: 148858.18750000,  training time: 28.64
Episode 172
 reward: -32.21801327953585 -42.93071051865219 -53.602920131521515 -49.51425995421025 -39.73448422700678 -22.73323497014722
 Mean_loss: 90793.60937500,  training time: 28.63
Episode 173
 reward: -32.43810862805185 -43.1874063369214 -53.74734124942804 -50.3614013756504 -40.3085781639811 -23.140960650180233
 Mean_loss: 148218.34375000,  training time: 28.56
Episode 174
 reward: -31.770829653701686 -43.371124883912216 -53.5242896744207 -50.023475691070686 -39.83948083032475 -22.621295380536804
 Mean_loss: 240464.00000000,  training time: 28.66
Episode 175
 reward: -33.38435922496776 -44.012933491793056 -54.29226927446659 -50.24999845939666 -40.16162803646089 -23.19432611089486
 Mean_loss: 164294.71875000,  training time: 28.56
Episode 176
 reward: -32.80969668344737 -43.37226468805024 -53.54803957018159 -49.965072823465576 -40.12460258875946 -22.737909185725524
 Mean_loss: 130311.99218750,  training time: 28.55
Episode 177
 reward: -33.91662267740412 -43.63223815907641 -53.22288730745138 -50.152433696275956 -39.83163652474012 -22.67498857089011
 Mean_loss: 89443.42187500,  training time: 28.67
Episode 178
 reward: -33.03525172363743 -43.958108117180416 -54.00319189427398 -49.86989779296106 -39.958109516860496 -22.94366964428583
 Mean_loss: 201126.96875000,  training time: 28.63
Episode 179
 reward: -32.624301778417745 -42.49286722271008 -53.240983577560975 -49.77000935909635 -40.34006921210096 -23.383275000167288
 Mean_loss: 113754.80468750,  training time: 28.63
Episode 180
 reward: -33.10628149814388 -44.452696321437905 -53.95596404126989 -50.03590755838819 -40.318728450568855 -23.050697878257793
 Mean_loss: 83365.71875000,  training time: 28.61
Episode 181
 reward: -33.368991719032195 -43.76527167150222 -53.68942454937253 -49.98868829562581 -39.97011542021044 -22.889522858536278
 Mean_loss: 166631.42187500,  training time: 28.51
Episode 182
 reward: -32.54694012458076 -44.51747562504676 -53.96955879611916 -50.32431176673209 -39.75925296550313 -23.197621904397767
 Mean_loss: 126036.46093750,  training time: 28.77
Episode 183
 reward: -32.71129558638113 -43.68504526947213 -54.031308214268805 -50.030920644669365 -40.31868668307589 -23.00176613936405
 Mean_loss: 184837.67187500,  training time: 28.51
Episode 184
 reward: -34.422125512717 -43.21895889519118 -53.69414969903598 -50.46746235127266 -40.29532592468745 -23.383223239732317
 Mean_loss: 166369.67187500,  training time: 28.54
Episode 185
 reward: -33.749985853514566 -44.135168187331736 -53.80638839380392 -50.32993817889608 -40.2543287532112 -23.30592296642233
 Mean_loss: 135887.81250000,  training time: 28.72
Episode 186
 reward: -33.973503461684025 -43.589743910119616 -53.97006960628462 -49.95164114655262 -40.23224786404148 -23.23029222450993
 Mean_loss: 141192.06250000,  training time: 28.56
Episode 187
 reward: -32.349844534741536 -44.68139108035115 -53.74356609636802 -50.168411227494616 -40.07069459181222 -23.269215712654233
 Mean_loss: 253180.75000000,  training time: 28.79
Episode 188
 reward: -32.95699706423973 -44.14039187943018 -53.749243052431666 -50.00378153182497 -40.295544409349006 -22.952514331007695
 Mean_loss: 150550.34375000,  training time: 28.67
Episode 189
 reward: -32.5780487243504 -44.090419390199465 -53.81537514599256 -50.244896296672046 -40.120649017000446 -23.23422633962702
 Mean_loss: 94575.28125000,  training time: 28.58
Episode 190
 reward: -33.16607557084112 -45.03747010539418 -53.818159533865206 -50.16116882312876 -39.96484992720866 -23.06093640476282
 Mean_loss: 116516.43750000,  training time: 28.68
Episode 191
 reward: -33.11185759930299 -44.35356175825086 -53.35255942720944 -49.82514305854598 -40.19175803376271 -23.3704324662928
 Mean_loss: 203109.56250000,  training time: 28.66
Episode 192
 reward: -32.18972669949562 -42.96270640329973 -54.03887143126125 -49.622924348455385 -40.055612636530704 -23.163071663261817
 Mean_loss: 101045.48437500,  training time: 28.51
Episode 193
 reward: -33.10124262825461 -44.281926262875075 -53.617384024337184 -50.0934620370474 -40.37948672572778 -22.862935030998784
 Mean_loss: 103893.85937500,  training time: 28.68
Episode 194
 reward: -33.79449286203317 -43.757536460507865 -54.2373370850806 -49.7897639560922 -39.985352720542366 -22.83265723902208
 Mean_loss: 106876.11718750,  training time: 28.55
Episode 195
 reward: -33.24127455065509 -44.079084386360464 -53.20894949211354 -50.08870342988385 -39.96092037152978 -23.10810256253352
 Mean_loss: 141278.45312500,  training time: 28.59
Episode 196
 reward: -32.62504985817473 -42.94971905919383 -53.754613461511305 -50.15400320237189 -40.12435636827719 -22.91995704047189
 Mean_loss: 161840.15625000,  training time: 28.52
Episode 197
 reward: -34.077934154948935 -43.37997304764849 -53.08834705639358 -50.350605518848326 -40.108578855630405 -22.93864716811811
 Mean_loss: 128022.14062500,  training time: 28.49
Episode 198
 reward: -33.259381898152924 -43.82240956160864 -53.50901443544939 -49.81919607465157 -40.450844825608534 -22.98909897371093
 Mean_loss: 108560.50000000,  training time: 28.68
Episode 199
 reward: -32.66971362558443 -44.76669046726143 -53.545169808936336 -50.34435570960434 -40.1357228004426 -22.8079210360575
 Mean_loss: 102277.42968750,  training time: 28.56
Episode 200
 reward: -32.78108122619028 -42.74692027879606 -53.626258712258235 -50.05081709766811 -39.69591338580086 -23.17029453922543
 Mean_loss: 117336.14843750,  training time: 28.73
Episode 201
 reward: -33.37302144754094 -43.6191893432078 -53.64171995292626 -49.70257904379238 -39.89907300775976 -22.816401096779114
 Mean_loss: 164877.81250000,  training time: 28.66
Episode 202
 reward: -33.45178588876031 -43.532307816898324 -53.44065940492116 -50.44223648245014 -39.961848490351166 -22.879258526956683
 Mean_loss: 86883.98437500,  training time: 28.50
Episode 203
 reward: -33.085588079926445 -44.37407033435154 -53.76790220359328 -49.60296520972963 -40.14322056945058 -23.068943879388275
 Mean_loss: 110245.43750000,  training time: 29.63
Episode 204
 reward: -32.18857940537705 -44.08774239166921 -53.84812372905226 -50.23806580921193 -40.434924713630565 -22.768802397263208
 Mean_loss: 167065.34375000,  training time: 30.00
Episode 205
 reward: -32.0644110371973 -43.70473668908384 -53.84253513365097 -49.95061164877927 -39.60587392184725 -23.02017042675746
 Mean_loss: 202841.43750000,  training time: 29.36
Episode 206
 reward: -32.057027186368714 -44.66180458331812 -54.18635703800552 -49.91118269380534 -39.979643767468005 -23.157323952688166
 Mean_loss: 174898.85937500,  training time: 28.75
Episode 207
 reward: -32.72428386918282 -43.405964924719555 -53.6854194803703 -49.94006258167612 -39.58404517426364 -22.96038056261016
 Mean_loss: 115910.20312500,  training time: 28.69
Episode 208
 reward: -32.3795773599381 -43.306563545951384 -53.0043067985546 -50.17271861091345 -40.17353028281881 -23.1397273698833
 Mean_loss: 223031.81250000,  training time: 28.77
