exp13
vali_data = ./data/data_train_vali/SD2/10x5+mix
save model name:  maml+exp13_1k_opt_dim512_layer3
self.n_js [8, 10, 11, 13, 15, 16, 17, 20, 21]
[4, 5, 8, 10, 12]
[(8, 8), (10, 10), (15, 4), (8, 10), (21, 12)]
[581.2, 732.8, 847.8, 733.4, 1400.2]
Episode 1	 reward: -13.43	 Mean_loss: 3.54957771,  training time: 8.38
[622.2, 811.6, 847.6, 664.6, 1395.0]
Episode 2	 reward: -13.48	 Mean_loss: 3.10718369,  training time: 7.95
[624.6, 753.8, 889.0, 683.0, 1347.0]
Episode 3	 reward: -13.31	 Mean_loss: 3.00134730,  training time: 7.96
[681.6, 794.6, 806.2, 703.8, 1382.8]
Episode 4	 reward: -13.84	 Mean_loss: 2.63554144,  training time: 7.94
[593.0, 756.8, 838.6, 699.2, 1335.8]
Episode 5	 reward: -12.79	 Mean_loss: 2.27783012,  training time: 7.99
[572.8, 747.6, 946.0, 659.4, 1349.6]
Episode 6	 reward: -13.64	 Mean_loss: 2.38044834,  training time: 8.02
[592.6, 757.4, 943.2, 757.2, 1297.6]
Episode 7	 reward: -13.44	 Mean_loss: 2.17002010,  training time: 7.96
[619.0, 752.0, 841.4, 646.4, 1335.8]
Episode 8	 reward: -13.69	 Mean_loss: 1.76403511,  training time: 7.90
[607.2, 740.0, 871.8, 674.4, 1310.0]
Episode 9	 reward: -13.53	 Mean_loss: 1.64653051,  training time: 7.87
[580.0, 757.2, 853.2, 664.2, 1343.8]
Episode 10	 reward: -13.51	 Mean_loss: 1.43397236,  training time: 7.87
The validation quality is: 627.57 (best : 622.2)
[643.0, 699.8, 843.0, 677.2, 1382.0]
Episode 11	 reward: -14.06	 Mean_loss: 1.36167145,  training time: 7.96
[612.8, 759.4, 850.4, 611.6, 1398.0]
Episode 12	 reward: -13.59	 Mean_loss: 1.23346603,  training time: 7.91
[580.0, 734.4, 831.6, 600.0, 1325.6]
Episode 13	 reward: -13.39	 Mean_loss: 1.13450992,  training time: 7.92
[610.8, 764.4, 861.4, 639.8, 1287.6]
Episode 14	 reward: -13.05	 Mean_loss: 1.04031193,  training time: 7.92
[565.0, 733.4, 865.4, 646.2, 1252.0]
Episode 15	 reward: -14.01	 Mean_loss: 1.07406723,  training time: 7.91
[596.4, 700.0, 786.2, 643.6, 1279.8]
Episode 16	 reward: -13.28	 Mean_loss: 0.86487448,  training time: 8.06
[627.2, 726.8, 820.6, 644.2, 1292.8]
Episode 17	 reward: -14.06	 Mean_loss: 0.93447083,  training time: 7.99
[589.8, 709.0, 804.6, 630.0, 1300.0]
Episode 18	 reward: -13.92	 Mean_loss: 0.81377107,  training time: 7.98
[575.2, 695.2, 811.8, 648.6, 1245.6]
Episode 19	 reward: -13.51	 Mean_loss: 0.88840979,  training time: 8.00
[581.2, 679.8, 812.4, 654.0, 1371.2]
Episode 20	 reward: -13.82	 Mean_loss: 1.00791156,  training time: 7.97
The validation quality is: 538.54 (best : 538.54)
[(11, 4), (20, 8), (11, 8), (16, 12), (17, 4)]
[633.8, 1196.6, 686.8, 974.2, 943.0]
Episode 21	 reward: -10.03	 Mean_loss: 1.27260268,  training time: 7.88
[602.4, 1134.2, 698.6, 1099.4, 1010.2]
Episode 22	 reward: -10.00	 Mean_loss: 1.35419428,  training time: 7.76
[598.4, 1055.0, 660.0, 969.0, 900.8]
Episode 23	 reward: -10.05	 Mean_loss: 1.12576878,  training time: 7.83
[614.4, 1065.4, 673.4, 1017.0, 918.2]
Episode 24	 reward: -9.65	 Mean_loss: 1.08423162,  training time: 7.86
[626.0, 1026.6, 726.2, 974.6, 923.6]
Episode 25	 reward: -10.18	 Mean_loss: 1.14535809,  training time: 7.77
[594.6, 1014.4, 631.6, 990.2, 902.4]
Episode 26	 reward: -10.28	 Mean_loss: 1.13401544,  training time: 7.75
[609.2, 1036.2, 683.6, 977.4, 913.0]
Episode 27	 reward: -10.59	 Mean_loss: 1.06187761,  training time: 7.79
[662.8, 1020.6, 660.6, 944.4, 964.4]
Episode 28	 reward: -9.80	 Mean_loss: 1.19737709,  training time: 7.78
[568.2, 1047.8, 646.4, 960.8, 937.4]
Episode 29	 reward: -10.50	 Mean_loss: 1.20744359,  training time: 7.80
[582.4, 975.2, 635.4, 981.8, 885.8]
Episode 30	 reward: -9.80	 Mean_loss: 0.98841220,  training time: 7.81
The validation quality is: 504.75 (best : 504.75)
[593.4, 945.8, 681.8, 897.0, 895.2]
Episode 31	 reward: -9.89	 Mean_loss: 0.95357817,  training time: 7.82
[559.8, 1029.2, 665.4, 964.6, 907.6]
Episode 32	 reward: -10.20	 Mean_loss: 0.97812366,  training time: 7.77
[628.8, 991.4, 644.0, 955.2, 914.6]
Episode 33	 reward: -10.16	 Mean_loss: 0.94614106,  training time: 7.82
[592.8, 991.8, 692.4, 891.0, 847.2]
Episode 34	 reward: -9.68	 Mean_loss: 1.00510108,  training time: 7.78
[542.8, 953.2, 640.6, 968.2, 923.4]
Episode 35	 reward: -10.66	 Mean_loss: 1.01364899,  training time: 7.73
[630.2, 948.0, 617.8, 941.8, 932.2]
Episode 36	 reward: -9.81	 Mean_loss: 0.98244095,  training time: 7.76
[672.4, 987.4, 604.4, 877.0, 907.2]
Episode 37	 reward: -10.57	 Mean_loss: 1.12009799,  training time: 7.78
[626.8, 889.4, 618.6, 896.6, 897.4]
Episode 38	 reward: -10.05	 Mean_loss: 0.89169264,  training time: 7.80
[552.4, 906.4, 612.4, 880.6, 894.0]
Episode 39	 reward: -10.19	 Mean_loss: 0.87251979,  training time: 7.80
[628.2, 968.0, 652.8, 919.4, 848.8]
Episode 40	 reward: -9.90	 Mean_loss: 0.85646152,  training time: 7.80
The validation quality is: 500.9 (best : 500.9)
[(11, 10), (10, 5), (16, 5), (10, 4), (21, 10)]
[648.0, 607.0, 794.2, 545.6, 1079.2]
Episode 41	 reward: -13.52	 Mean_loss: 0.67909282,  training time: 6.97
[678.2, 573.0, 805.0, 562.2, 1003.0]
Episode 42	 reward: -12.22	 Mean_loss: 0.75900334,  training time: 6.94
[664.4, 562.4, 834.0, 552.0, 998.6]
Episode 43	 reward: -13.76	 Mean_loss: 0.56829500,  training time: 6.95
[640.8, 541.2, 781.8, 520.4, 1077.8]
Episode 44	 reward: -12.86	 Mean_loss: 0.60853523,  training time: 6.97
[684.0, 528.6, 815.0, 556.4, 1051.4]
Episode 45	 reward: -14.20	 Mean_loss: 0.57521802,  training time: 6.94
[660.0, 537.4, 785.0, 539.0, 1028.8]
Episode 46	 reward: -12.70	 Mean_loss: 0.56333762,  training time: 6.95
[615.4, 586.0, 785.4, 548.0, 994.4]
Episode 47	 reward: -12.70	 Mean_loss: 0.54118806,  training time: 6.95
[594.0, 534.0, 803.2, 577.8, 1004.4]
Episode 48	 reward: -12.78	 Mean_loss: 0.63348168,  training time: 6.94
[640.6, 547.8, 770.6, 549.0, 1001.4]
Episode 49	 reward: -13.56	 Mean_loss: 0.45354930,  training time: 6.93
[634.6, 560.6, 748.0, 554.4, 944.0]
Episode 50	 reward: -12.46	 Mean_loss: 0.52572501,  training time: 6.95
The validation quality is: 497.45 (best : 497.45)
[626.0, 529.4, 741.2, 530.0, 1013.0]
Episode 51	 reward: -12.92	 Mean_loss: 0.37518907,  training time: 6.94
[633.6, 532.6, 778.4, 551.4, 1024.2]
Episode 52	 reward: -12.48	 Mean_loss: 0.43793198,  training time: 6.97
[619.2, 520.8, 742.6, 563.2, 995.8]
Episode 53	 reward: -13.28	 Mean_loss: 0.43555090,  training time: 6.98
[595.6, 542.6, 734.2, 523.0, 946.6]
Episode 54	 reward: -12.72	 Mean_loss: 0.43754944,  training time: 6.94
[607.6, 539.8, 743.6, 520.6, 887.0]
Episode 55	 reward: -12.57	 Mean_loss: 0.43983456,  training time: 7.01
[672.4, 573.0, 709.0, 542.4, 967.0]
Episode 56	 reward: -13.43	 Mean_loss: 0.44369498,  training time: 6.92
[636.4, 561.0, 772.2, 548.6, 955.2]
Episode 57	 reward: -13.48	 Mean_loss: 0.49163133,  training time: 6.94
[655.0, 557.2, 780.2, 525.6, 935.6]
Episode 58	 reward: -13.06	 Mean_loss: 0.38031182,  training time: 6.93
[604.2, 540.0, 727.4, 532.6, 930.2]
Episode 59	 reward: -13.51	 Mean_loss: 0.31888953,  training time: 6.89
[636.8, 523.8, 731.4, 521.6, 939.0]
Episode 60	 reward: -13.12	 Mean_loss: 0.25023139,  training time: 6.88
The validation quality is: 487.57 (best : 487.57)
[(13, 4), (16, 4), (16, 12), (21, 5), (21, 5)]
[613.8, 692.4, 827.4, 867.0, 922.0]
Episode 61	 reward: -11.92	 Mean_loss: 1.10571563,  training time: 7.24
[608.0, 700.4, 864.0, 835.2, 879.4]
Episode 62	 reward: -12.14	 Mean_loss: 0.94465202,  training time: 7.17
[593.0, 712.4, 847.2, 832.6, 867.4]
Episode 63	 reward: -13.04	 Mean_loss: 0.92764771,  training time: 7.28
[597.6, 695.0, 866.8, 861.8, 870.0]
Episode 64	 reward: -11.53	 Mean_loss: 0.76654196,  training time: 7.17
[586.4, 722.8, 844.2, 837.4, 866.8]
Episode 65	 reward: -11.87	 Mean_loss: 0.78946012,  training time: 7.26
[634.2, 666.0, 872.8, 904.2, 857.0]
Episode 66	 reward: -11.49	 Mean_loss: 0.74758738,  training time: 7.25
[572.6, 672.4, 889.8, 865.4, 864.0]
Episode 67	 reward: -12.53	 Mean_loss: 0.68330365,  training time: 7.27
[586.4, 683.4, 834.4, 840.0, 849.0]
Episode 68	 reward: -12.73	 Mean_loss: 0.72474879,  training time: 7.26
[595.0, 691.2, 817.4, 812.8, 860.6]
Episode 69	 reward: -12.17	 Mean_loss: 0.68666309,  training time: 7.24
[636.0, 689.6, 832.0, 867.0, 870.2]
Episode 70	 reward: -11.66	 Mean_loss: 0.72872132,  training time: 7.17
The validation quality is: 476.29 (best : 476.29)
[593.6, 678.2, 824.8, 833.4, 833.0]
Episode 71	 reward: -11.79	 Mean_loss: 0.69797647,  training time: 7.18
[607.8, 688.4, 813.2, 831.4, 895.0]
Episode 72	 reward: -12.80	 Mean_loss: 0.70910859,  training time: 7.20
[594.2, 676.4, 802.6, 848.0, 871.8]
Episode 73	 reward: -12.27	 Mean_loss: 0.61319280,  training time: 7.19
[629.2, 666.8, 862.0, 852.0, 901.0]
Episode 74	 reward: -11.57	 Mean_loss: 0.60933036,  training time: 7.17
[600.4, 653.6, 861.0, 829.4, 881.8]
Episode 75	 reward: -11.82	 Mean_loss: 0.63146818,  training time: 7.24
[585.0, 667.6, 813.4, 819.2, 850.2]
Episode 76	 reward: -12.09	 Mean_loss: 0.69089979,  training time: 7.19
[605.4, 705.4, 809.6, 825.6, 848.4]
Episode 77	 reward: -11.72	 Mean_loss: 0.65246058,  training time: 7.25
[573.0, 694.0, 819.6, 823.4, 841.0]
Episode 78	 reward: -11.46	 Mean_loss: 0.60390919,  training time: 7.27
[571.4, 653.6, 798.2, 827.2, 863.8]
Episode 79	 reward: -11.86	 Mean_loss: 0.63600898,  training time: 7.27
[580.2, 698.2, 806.0, 872.0, 878.8]
Episode 80	 reward: -12.17	 Mean_loss: 0.63812268,  training time: 7.27
The validation quality is: 465.76 (best : 465.76)
[(20, 5), (20, 12), (8, 10), (21, 5), (16, 8)]
[801.6, 886.4, 536.4, 899.0, 717.0]
Episode 81	 reward: -9.95	 Mean_loss: 0.65239710,  training time: 9.32
[792.4, 894.8, 523.6, 863.8, 700.8]
Episode 82	 reward: -9.88	 Mean_loss: 0.55862552,  training time: 9.33
[779.0, 852.2, 515.0, 910.0, 686.4]
Episode 83	 reward: -10.34	 Mean_loss: 0.49003211,  training time: 9.29
[779.8, 831.6, 506.8, 876.4, 668.8]
Episode 84	 reward: -10.15	 Mean_loss: 0.54357082,  training time: 9.33
[785.0, 850.8, 522.0, 886.4, 705.0]
Episode 85	 reward: -10.77	 Mean_loss: 0.45343667,  training time: 9.21
[820.4, 850.0, 566.4, 940.2, 755.8]
Episode 86	 reward: -10.32	 Mean_loss: 0.51668543,  training time: 9.27
[793.8, 879.4, 547.0, 856.4, 692.8]
Episode 87	 reward: -10.94	 Mean_loss: 0.48505059,  training time: 9.35
[795.0, 902.8, 541.6, 871.0, 685.6]
Episode 88	 reward: -10.36	 Mean_loss: 0.42913467,  training time: 9.20
[808.6, 910.8, 546.4, 831.8, 697.8]
Episode 89	 reward: -10.21	 Mean_loss: 0.44952947,  training time: 9.29
[811.8, 869.4, 529.8, 902.6, 707.2]
Episode 90	 reward: -10.16	 Mean_loss: 0.45742032,  training time: 9.28
The validation quality is: 475.34 (best : 465.76)
[797.6, 883.6, 488.0, 848.6, 678.8]
Episode 91	 reward: -9.90	 Mean_loss: 0.45630026,  training time: 9.31
[813.2, 829.4, 530.8, 881.0, 690.4]
Episode 92	 reward: -10.10	 Mean_loss: 0.44376752,  training time: 9.27
[773.0, 876.0, 522.2, 878.6, 684.0]
Episode 93	 reward: -9.96	 Mean_loss: 0.48108521,  training time: 9.31
[794.0, 860.8, 512.4, 872.2, 690.8]
Episode 94	 reward: -9.98	 Mean_loss: 0.44202873,  training time: 9.27
[792.0, 844.0, 533.6, 853.6, 650.0]
Episode 95	 reward: -9.42	 Mean_loss: 0.38451073,  training time: 9.30
[803.2, 841.4, 511.4, 882.4, 687.8]
Episode 96	 reward: -9.74	 Mean_loss: 0.43934423,  training time: 9.39
[782.0, 855.4, 569.6, 884.4, 709.0]
Episode 97	 reward: -10.13	 Mean_loss: 0.45279589,  training time: 9.29
[781.0, 833.4, 524.8, 876.0, 677.8]
Episode 98	 reward: -10.07	 Mean_loss: 0.39834642,  training time: 9.29
[798.2, 833.6, 544.8, 916.4, 678.6]
Episode 99	 reward: -10.69	 Mean_loss: 0.45755029,  training time: 9.29
[783.2, 824.2, 549.4, 863.0, 683.8]
Episode 100	 reward: -10.81	 Mean_loss: 0.39201427,  training time: 9.29
The validation quality is: 468.45 (best : 465.76)
[(17, 8), (11, 8), (10, 8), (16, 5), (21, 4)]
[715.2, 605.2, 536.4, 661.6, 872.4]
Episode 101	 reward: -11.87	 Mean_loss: 0.49476239,  training time: 6.41
[741.6, 566.6, 551.2, 672.6, 824.6]
Episode 102	 reward: -11.84	 Mean_loss: 0.39177752,  training time: 6.40
[819.6, 558.8, 542.8, 652.6, 873.6]
Episode 103	 reward: -12.04	 Mean_loss: 0.48842812,  training time: 6.42
[782.0, 553.6, 510.2, 662.4, 884.6]
Episode 104	 reward: -11.85	 Mean_loss: 0.48900339,  training time: 6.37
[713.0, 590.8, 535.2, 677.8, 875.4]
Episode 105	 reward: -12.02	 Mean_loss: 0.45885554,  training time: 6.38
[775.8, 564.4, 582.8, 671.8, 875.0]
Episode 106	 reward: -12.03	 Mean_loss: 0.46867561,  training time: 6.42
[735.8, 582.0, 536.2, 651.0, 847.0]
Episode 107	 reward: -12.23	 Mean_loss: 0.45013586,  training time: 6.43
[714.2, 573.4, 504.4, 645.6, 864.0]
Episode 108	 reward: -11.54	 Mean_loss: 0.45951328,  training time: 6.43
[726.4, 575.6, 551.2, 667.2, 877.6]
Episode 109	 reward: -12.22	 Mean_loss: 0.43704396,  training time: 6.46
[750.2, 562.0, 537.8, 678.0, 879.4]
Episode 110	 reward: -12.91	 Mean_loss: 0.44521323,  training time: 6.42
The validation quality is: 459.71 (best : 459.71)
[740.2, 569.2, 503.4, 662.0, 848.8]
Episode 111	 reward: -11.89	 Mean_loss: 0.38831273,  training time: 6.32
[681.6, 584.4, 529.4, 659.6, 855.2]
Episode 112	 reward: -11.70	 Mean_loss: 0.34768176,  training time: 6.45
[789.8, 566.6, 534.0, 641.8, 854.6]
Episode 113	 reward: -12.55	 Mean_loss: 0.39371917,  training time: 6.33
[732.6, 583.6, 534.6, 683.4, 868.4]
Episode 114	 reward: -12.07	 Mean_loss: 0.37176386,  training time: 6.40
[780.6, 610.2, 523.2, 645.0, 859.6]
Episode 115	 reward: -11.46	 Mean_loss: 0.35870472,  training time: 6.34
[734.4, 544.0, 547.0, 661.2, 841.2]
Episode 116	 reward: -11.84	 Mean_loss: 0.35568738,  training time: 6.38
[679.8, 579.8, 538.8, 624.0, 869.6]
Episode 117	 reward: -11.92	 Mean_loss: 0.39632601,  training time: 6.30
[737.4, 569.6, 514.6, 655.6, 869.4]
Episode 118	 reward: -11.55	 Mean_loss: 0.30957431,  training time: 6.34
[699.4, 550.4, 529.2, 636.2, 881.0]
Episode 119	 reward: -12.18	 Mean_loss: 0.37478897,  training time: 6.34
[712.2, 592.4, 501.8, 639.4, 833.2]
Episode 120	 reward: -11.87	 Mean_loss: 0.32251799,  training time: 6.41
The validation quality is: 444.85 (best : 444.85)
[(8, 8), (20, 5), (13, 5), (17, 8), (11, 4)]
[499.4, 780.8, 567.8, 735.2, 521.0]
Episode 121	 reward: -6.63	 Mean_loss: 0.25349197,  training time: 5.58
[468.6, 807.4, 559.0, 708.8, 470.4]
Episode 122	 reward: -6.44	 Mean_loss: 0.28454885,  training time: 5.62
[481.4, 778.6, 544.8, 758.2, 453.4]
Episode 123	 reward: -6.10	 Mean_loss: 0.28222850,  training time: 5.57
[494.2, 781.2, 557.8, 707.4, 482.0]
Episode 124	 reward: -6.09	 Mean_loss: 0.26024079,  training time: 5.62
[487.8, 832.2, 589.4, 699.8, 443.8]
Episode 125	 reward: -6.35	 Mean_loss: 0.31204346,  training time: 5.58
[475.0, 754.0, 558.2, 712.6, 421.2]
Episode 126	 reward: -6.24	 Mean_loss: 0.27581808,  training time: 5.59
[486.8, 768.0, 533.4, 717.2, 455.2]
Episode 127	 reward: -6.43	 Mean_loss: 0.26381406,  training time: 5.52
[472.6, 750.4, 566.4, 731.6, 445.4]
Episode 128	 reward: -6.23	 Mean_loss: 0.23879074,  training time: 5.63
[502.6, 776.8, 571.8, 677.2, 462.2]
Episode 129	 reward: -6.58	 Mean_loss: 0.25914073,  training time: 5.60
[443.6, 787.8, 533.6, 686.4, 492.4]
Episode 130	 reward: -6.14	 Mean_loss: 0.24269100,  training time: 5.61
The validation quality is: 430.95 (best : 430.95)
[514.2, 792.4, 559.6, 712.0, 433.8]
Episode 131	 reward: -5.99	 Mean_loss: 0.26477435,  training time: 5.61
[481.4, 763.2, 567.4, 716.2, 437.0]
Episode 132	 reward: -6.03	 Mean_loss: 0.24201398,  training time: 5.66
[494.6, 764.8, 574.4, 708.4, 417.0]
Episode 133	 reward: -6.62	 Mean_loss: 0.21370231,  training time: 5.62
[503.0, 778.8, 562.6, 719.2, 458.2]
Episode 134	 reward: -6.75	 Mean_loss: 0.24432504,  training time: 5.61
[495.4, 753.4, 560.8, 708.8, 452.8]
Episode 135	 reward: -6.41	 Mean_loss: 0.21676059,  training time: 5.59
[510.4, 776.6, 547.8, 722.6, 437.2]
Episode 136	 reward: -6.07	 Mean_loss: 0.22599669,  training time: 5.56
[495.6, 777.6, 569.6, 697.0, 471.4]
Episode 137	 reward: -6.97	 Mean_loss: 0.21048863,  training time: 5.59
[473.0, 779.2, 538.0, 707.6, 457.6]
Episode 138	 reward: -6.03	 Mean_loss: 0.22591601,  training time: 5.56
[522.4, 802.4, 535.4, 714.8, 427.8]
Episode 139	 reward: -6.36	 Mean_loss: 0.25228488,  training time: 5.57
[474.8, 772.0, 554.0, 673.0, 430.2]
Episode 140	 reward: -6.38	 Mean_loss: 0.24402387,  training time: 5.64
The validation quality is: 426.82 (best : 426.82)
[(11, 10), (8, 8), (8, 5), (13, 8), (11, 4)]
[656.4, 445.4, 408.6, 610.2, 511.0]
Episode 141	 reward: -7.04	 Mean_loss: 0.20557642,  training time: 5.03
[595.4, 479.8, 426.8, 617.6, 500.8]
Episode 142	 reward: -7.05	 Mean_loss: 0.22002773,  training time: 5.00
[634.0, 471.2, 420.8, 580.2, 489.2]
Episode 143	 reward: -6.98	 Mean_loss: 0.20013152,  training time: 5.01
[598.2, 498.6, 411.4, 612.2, 487.4]
Episode 144	 reward: -6.69	 Mean_loss: 0.19814359,  training time: 5.00
[610.8, 474.6, 388.4, 617.4, 476.8]
Episode 145	 reward: -6.97	 Mean_loss: 0.21803939,  training time: 4.98
[587.2, 476.4, 388.4, 606.2, 497.4]
Episode 146	 reward: -6.72	 Mean_loss: 0.20127931,  training time: 5.02
[603.6, 465.4, 424.4, 593.6, 478.0]
Episode 147	 reward: -7.30	 Mean_loss: 0.19878399,  training time: 4.99
[578.4, 495.4, 412.2, 588.8, 495.2]
Episode 148	 reward: -7.18	 Mean_loss: 0.18694541,  training time: 4.99
[608.8, 487.8, 408.0, 588.8, 511.6]
Episode 149	 reward: -6.64	 Mean_loss: 0.20617819,  training time: 5.00
[603.6, 500.2, 420.6, 596.2, 478.6]
Episode 150	 reward: -7.04	 Mean_loss: 0.19717450,  training time: 5.02
The validation quality is: 423.47 (best : 423.47)
[583.2, 491.6, 390.0, 568.6, 501.8]
Episode 151	 reward: -6.63	 Mean_loss: 0.20293868,  training time: 4.99
[633.2, 517.8, 393.2, 591.4, 481.6]
Episode 152	 reward: -6.99	 Mean_loss: 0.22615539,  training time: 5.00
[620.0, 473.2, 404.4, 626.4, 495.4]
Episode 153	 reward: -6.86	 Mean_loss: 0.19475591,  training time: 4.98
[598.2, 480.0, 380.0, 589.6, 485.8]
Episode 154	 reward: -6.32	 Mean_loss: 0.18571912,  training time: 4.94
[608.4, 483.6, 393.8, 640.2, 491.2]
Episode 155	 reward: -7.30	 Mean_loss: 0.22405215,  training time: 4.99
[599.2, 474.8, 372.8, 573.2, 467.8]
Episode 156	 reward: -7.53	 Mean_loss: 0.17323853,  training time: 4.97
[592.4, 484.4, 394.0, 591.8, 479.2]
Episode 157	 reward: -6.71	 Mean_loss: 0.17081472,  training time: 5.02
[589.0, 479.4, 384.4, 592.8, 463.0]
Episode 158	 reward: -7.97	 Mean_loss: 0.16508543,  training time: 5.00
[590.0, 462.2, 404.2, 603.4, 492.4]
Episode 159	 reward: -6.93	 Mean_loss: 0.19227009,  training time: 5.00
[597.6, 476.4, 417.2, 620.2, 498.6]
Episode 160	 reward: -6.74	 Mean_loss: 0.18545102,  training time: 5.05
The validation quality is: 425.54 (best : 423.47)
[(21, 8), (17, 5), (17, 8), (10, 4), (10, 12)]
[739.4, 669.0, 652.8, 451.2, 600.6]
Episode 161	 reward: -7.84	 Mean_loss: 0.22756140,  training time: 7.74
[744.2, 659.0, 648.8, 415.8, 547.2]
Episode 162	 reward: -7.87	 Mean_loss: 0.17483126,  training time: 7.70
[742.0, 682.4, 636.2, 441.0, 548.4]
Episode 163	 reward: -8.51	 Mean_loss: 0.20793962,  training time: 7.67
[747.4, 693.4, 655.6, 433.8, 532.2]
Episode 164	 reward: -8.15	 Mean_loss: 0.18670660,  training time: 7.68
[738.0, 671.2, 660.6, 430.0, 587.2]
Episode 165	 reward: -8.62	 Mean_loss: 0.17463845,  training time: 7.65
[748.4, 675.2, 660.6, 434.0, 558.4]
Episode 166	 reward: -8.19	 Mean_loss: 0.16443329,  training time: 7.72
[750.0, 678.2, 667.4, 465.0, 550.2]
Episode 167	 reward: -7.96	 Mean_loss: 0.17596364,  training time: 7.66
[751.6, 677.2, 617.8, 448.0, 571.0]
Episode 168	 reward: -8.35	 Mean_loss: 0.15207545,  training time: 7.67
[717.8, 687.0, 662.6, 452.0, 555.2]
Episode 169	 reward: -8.09	 Mean_loss: 0.16966674,  training time: 7.67
[743.2, 701.0, 679.4, 423.2, 606.4]
Episode 170	 reward: -8.29	 Mean_loss: 0.18036929,  training time: 7.68
The validation quality is: 424.44 (best : 423.47)
[770.8, 673.2, 672.4, 430.2, 592.8]
Episode 171	 reward: -7.43	 Mean_loss: 0.19232294,  training time: 7.66
[729.2, 674.0, 651.2, 432.2, 570.4]
Episode 172	 reward: -7.82	 Mean_loss: 0.17209582,  training time: 7.64
[733.6, 674.4, 660.4, 458.8, 548.2]
Episode 173	 reward: -7.69	 Mean_loss: 0.17732231,  training time: 7.64
[729.4, 660.6, 681.0, 441.2, 551.2]
Episode 174	 reward: -8.06	 Mean_loss: 0.15383033,  training time: 7.65
[757.2, 681.0, 664.2, 414.8, 549.8]
Episode 175	 reward: -8.11	 Mean_loss: 0.17641170,  training time: 7.74
[741.6, 693.0, 643.0, 443.4, 559.8]
Episode 176	 reward: -7.80	 Mean_loss: 0.19887595,  training time: 7.63
[764.4, 674.6, 644.4, 430.2, 575.4]
Episode 177	 reward: -8.51	 Mean_loss: 0.16714194,  training time: 7.62
[756.2, 672.8, 672.0, 438.6, 544.8]
Episode 178	 reward: -8.03	 Mean_loss: 0.13244231,  training time: 7.74
[741.2, 686.8, 652.8, 433.8, 573.6]
Episode 179	 reward: -7.96	 Mean_loss: 0.16621889,  training time: 7.72
[743.8, 694.8, 638.0, 425.4, 559.6]
Episode 180	 reward: -7.76	 Mean_loss: 0.15138970,  training time: 7.67
The validation quality is: 423.22 (best : 423.22)
[(10, 4), (8, 5), (11, 5), (15, 8), (21, 10)]
[403.2, 388.0, 459.2, 629.2, 743.2]
Episode 181	 reward: -12.52	 Mean_loss: 0.03303590,  training time: 6.63
[423.8, 379.4, 449.2, 624.8, 779.4]
Episode 182	 reward: -12.92	 Mean_loss: -0.01551626,  training time: 6.63
[433.2, 398.8, 464.8, 609.0, 767.6]
Episode 183	 reward: -13.14	 Mean_loss: -0.04482410,  training time: 6.64
[419.6, 383.8, 480.8, 656.4, 738.6]
Episode 184	 reward: -13.39	 Mean_loss: -0.03007348,  training time: 6.63
[432.2, 374.6, 470.6, 657.2, 758.2]
Episode 185	 reward: -12.62	 Mean_loss: -0.01664062,  training time: 6.61
[430.8, 352.4, 470.4, 634.4, 774.0]
Episode 186	 reward: -13.05	 Mean_loss: -0.04806262,  training time: 6.61
[458.0, 380.4, 455.2, 674.2, 751.4]
Episode 187	 reward: -13.69	 Mean_loss: -0.03469662,  training time: 6.57
[431.0, 382.4, 502.4, 623.4, 742.0]
Episode 188	 reward: -13.81	 Mean_loss: -0.07578623,  training time: 6.56
[428.4, 391.8, 454.6, 643.2, 772.2]
Episode 189	 reward: -13.36	 Mean_loss: -0.02788615,  training time: 6.62
[454.0, 394.0, 471.4, 629.2, 766.0]
Episode 190	 reward: -12.78	 Mean_loss: -0.05220827,  training time: 6.58
The validation quality is: 424.8 (best : 423.22)
[398.6, 371.4, 446.0, 658.2, 786.4]
Episode 191	 reward: -12.45	 Mean_loss: -0.03752426,  training time: 6.59
[418.0, 378.0, 457.2, 654.6, 775.8]
Episode 192	 reward: -13.51	 Mean_loss: -0.06173395,  training time: 6.58
[413.4, 389.8, 457.8, 648.6, 794.2]
Episode 193	 reward: -13.32	 Mean_loss: -0.05309767,  training time: 6.63
[419.6, 382.0, 476.0, 636.8, 777.8]
Episode 194	 reward: -12.98	 Mean_loss: -0.01651548,  training time: 6.59
[435.4, 388.4, 465.4, 651.0, 773.8]
Episode 195	 reward: -13.39	 Mean_loss: -0.03056742,  training time: 6.58
[443.8, 381.8, 441.2, 636.4, 770.0]
Episode 196	 reward: -12.77	 Mean_loss: -0.01446793,  training time: 6.65
[420.8, 375.4, 446.2, 644.2, 745.8]
Episode 197	 reward: -13.23	 Mean_loss: -0.08112177,  training time: 6.60
[443.8, 402.6, 441.4, 645.0, 760.6]
Episode 198	 reward: -13.39	 Mean_loss: -0.07609313,  training time: 6.57
[409.8, 380.2, 436.4, 624.6, 746.4]
Episode 199	 reward: -13.08	 Mean_loss: -0.02899563,  training time: 6.55
[406.4, 397.0, 456.2, 595.2, 786.4]
Episode 200	 reward: -12.68	 Mean_loss: 0.00639232,  training time: 6.54
The validation quality is: 422.83 (best : 422.83)
[(13, 12), (20, 8), (16, 12), (17, 8), (16, 10)]
[689.0, 723.8, 733.4, 647.6, 685.2]
Episode 201	 reward: -9.73	 Mean_loss: 0.13132095,  training time: 11.41
[687.0, 726.2, 723.6, 654.8, 702.0]
Episode 202	 reward: -10.35	 Mean_loss: 0.11472716,  training time: 11.41
[658.6, 725.2, 759.2, 627.8, 670.4]
Episode 203	 reward: -10.57	 Mean_loss: 0.10572039,  training time: 11.49
[689.6, 735.2, 747.2, 636.0, 667.2]
Episode 204	 reward: -10.41	 Mean_loss: 0.10337581,  training time: 11.50
[659.2, 707.8, 702.4, 655.0, 635.8]
Episode 205	 reward: -10.79	 Mean_loss: 0.09094545,  training time: 11.53
[668.4, 718.2, 762.0, 680.8, 685.4]
Episode 206	 reward: -10.55	 Mean_loss: 0.09394524,  training time: 11.53
[667.6, 748.2, 751.0, 662.4, 685.8]
Episode 207	 reward: -10.26	 Mean_loss: 0.11377716,  training time: 11.49
[667.4, 707.0, 738.0, 628.2, 647.6]
Episode 208	 reward: -9.77	 Mean_loss: 0.09887835,  training time: 11.53
[725.4, 744.2, 716.0, 649.0, 657.8]
Episode 209	 reward: -10.42	 Mean_loss: 0.10220718,  training time: 11.49
[660.8, 733.0, 762.2, 630.0, 686.4]
Episode 210	 reward: -10.53	 Mean_loss: 0.11113328,  training time: 11.47
The validation quality is: 432.57 (best : 422.83)
[667.6, 722.6, 754.0, 658.8, 657.0]
Episode 211	 reward: -11.26	 Mean_loss: 0.10432587,  training time: 11.59
[681.0, 749.0, 757.8, 652.2, 666.6]
Episode 212	 reward: -10.93	 Mean_loss: 0.10144746,  training time: 11.53
[709.2, 728.6, 732.2, 667.4, 663.8]
Episode 213	 reward: -11.09	 Mean_loss: 0.09718534,  training time: 11.39
[690.4, 762.2, 739.8, 654.4, 683.6]
Episode 214	 reward: -10.68	 Mean_loss: 0.10292184,  training time: 11.38
[667.6, 732.8, 723.8, 689.6, 652.8]
Episode 215	 reward: -10.88	 Mean_loss: 0.09965122,  training time: 11.46
[697.8, 748.0, 754.2, 647.0, 654.6]
Episode 216	 reward: -9.82	 Mean_loss: 0.09947056,  training time: 11.41
[699.4, 748.2, 720.2, 661.2, 676.8]
Episode 217	 reward: -10.45	 Mean_loss: 0.08409818,  training time: 11.54
[706.6, 741.2, 741.2, 653.8, 673.4]
Episode 218	 reward: -9.87	 Mean_loss: 0.10506382,  training time: 11.49
[683.2, 713.2, 740.0, 655.6, 683.6]
Episode 219	 reward: -10.34	 Mean_loss: 0.08611955,  training time: 11.56
[686.6, 735.2, 712.2, 636.8, 675.4]
Episode 220	 reward: -9.82	 Mean_loss: 0.09253808,  training time: 11.57
The validation quality is: 432.16 (best : 422.83)
[(17, 4), (16, 5), (15, 8), (21, 8), (10, 8)]
[655.8, 642.0, 641.2, 740.6, 538.6]
Episode 221	 reward: -7.53	 Mean_loss: 0.23607974,  training time: 7.22
[620.6, 625.0, 613.4, 745.6, 551.6]
Episode 222	 reward: -6.92	 Mean_loss: 0.17105840,  training time: 7.17
[649.6, 642.2, 631.2, 740.4, 522.4]
Episode 223	 reward: -7.40	 Mean_loss: 0.22294860,  training time: 7.13
[647.2, 647.2, 610.0, 738.8, 598.2]
Episode 224	 reward: -6.89	 Mean_loss: 0.23842573,  training time: 7.14
[633.0, 628.2, 593.4, 758.0, 518.6]
Episode 225	 reward: -7.41	 Mean_loss: 0.17259464,  training time: 7.11
[627.0, 646.6, 659.2, 750.4, 557.2]
Episode 226	 reward: -7.20	 Mean_loss: 0.17865728,  training time: 7.23
[644.8, 629.2, 631.0, 776.0, 558.2]
Episode 227	 reward: -7.36	 Mean_loss: 0.18158387,  training time: 7.14
[619.6, 624.6, 630.0, 733.2, 552.4]
Episode 228	 reward: -7.81	 Mean_loss: 0.16799557,  training time: 7.18
[625.0, 629.2, 622.0, 707.8, 556.2]
Episode 229	 reward: -7.16	 Mean_loss: 0.15646113,  training time: 7.12
[640.0, 612.8, 613.6, 771.6, 553.4]
Episode 230	 reward: -7.24	 Mean_loss: 0.17819059,  training time: 7.17
The validation quality is: 430.55 (best : 422.83)
[634.2, 616.4, 595.4, 728.6, 566.4]
Episode 231	 reward: -6.92	 Mean_loss: 0.15470393,  training time: 7.16
[652.6, 645.0, 637.6, 745.0, 562.8]
Episode 232	 reward: -6.70	 Mean_loss: 0.18038778,  training time: 7.15
[626.0, 649.4, 628.0, 743.8, 547.4]
Episode 233	 reward: -7.24	 Mean_loss: 0.19047393,  training time: 7.19
[609.8, 634.4, 600.6, 765.8, 573.4]
Episode 234	 reward: -7.34	 Mean_loss: 0.14764808,  training time: 7.15
[639.2, 641.8, 594.6, 713.8, 532.0]
Episode 235	 reward: -6.62	 Mean_loss: 0.19355918,  training time: 7.11
[640.4, 619.2, 637.4, 716.2, 574.6]
Episode 236	 reward: -6.51	 Mean_loss: 0.17425609,  training time: 7.13
[643.2, 624.2, 598.6, 789.6, 563.2]
Episode 237	 reward: -6.96	 Mean_loss: 0.16285132,  training time: 7.03
[623.2, 621.6, 607.6, 758.2, 567.4]
Episode 238	 reward: -7.70	 Mean_loss: 0.13520490,  training time: 7.07
[632.2, 626.8, 608.6, 763.2, 583.6]
Episode 239	 reward: -7.57	 Mean_loss: 0.14794014,  training time: 7.07
[617.2, 613.4, 626.4, 741.4, 552.0]
Episode 240	 reward: -7.16	 Mean_loss: 0.15857442,  training time: 7.05
The validation quality is: 430.86 (best : 422.83)
[(20, 8), (13, 12), (8, 12), (20, 5), (13, 8)]
[719.0, 698.4, 559.0, 760.6, 561.4]
Episode 241	 reward: -8.62	 Mean_loss: 0.18494754,  training time: 8.53
[733.0, 678.2, 540.6, 746.2, 574.2]
Episode 242	 reward: -8.02	 Mean_loss: 0.16084288,  training time: 8.52
[756.0, 672.8, 526.6, 767.2, 594.4]
Episode 243	 reward: -8.08	 Mean_loss: 0.18565273,  training time: 8.50
[707.6, 702.6, 541.2, 759.6, 552.4]
Episode 244	 reward: -9.27	 Mean_loss: 0.14402221,  training time: 8.51
[739.4, 718.6, 517.2, 751.0, 567.6]
Episode 245	 reward: -8.39	 Mean_loss: 0.15290564,  training time: 8.50
[738.8, 685.8, 532.0, 767.6, 549.0]
Episode 246	 reward: -8.06	 Mean_loss: 0.18854474,  training time: 8.48
[716.6, 670.4, 574.8, 758.2, 576.6]
Episode 247	 reward: -8.76	 Mean_loss: 0.18310075,  training time: 8.49
[735.4, 717.2, 524.4, 780.0, 588.4]
Episode 248	 reward: -9.05	 Mean_loss: 0.14741509,  training time: 8.55
[707.6, 717.8, 550.2, 760.2, 598.8]
Episode 249	 reward: -8.39	 Mean_loss: 0.16276038,  training time: 8.49
[708.8, 683.4, 533.4, 764.8, 591.4]
Episode 250	 reward: -8.40	 Mean_loss: 0.16464107,  training time: 8.51
The validation quality is: 428.78 (best : 422.83)
[729.4, 696.2, 549.0, 779.8, 579.2]
Episode 251	 reward: -8.07	 Mean_loss: 0.16526809,  training time: 8.48
[718.8, 706.8, 521.0, 780.2, 574.8]
Episode 252	 reward: -8.66	 Mean_loss: 0.15131474,  training time: 8.50
[729.8, 664.8, 514.2, 741.0, 551.0]
Episode 253	 reward: -8.45	 Mean_loss: 0.15593974,  training time: 8.53
[725.8, 701.2, 507.0, 770.4, 565.0]
Episode 254	 reward: -8.37	 Mean_loss: 0.16198884,  training time: 8.52
[756.4, 717.0, 519.6, 777.4, 586.6]
Episode 255	 reward: -8.06	 Mean_loss: 0.17098430,  training time: 8.49
[736.2, 680.2, 496.0, 780.8, 571.6]
Episode 256	 reward: -8.38	 Mean_loss: 0.15729186,  training time: 8.53
[739.2, 724.4, 551.8, 754.0, 555.2]
Episode 257	 reward: -8.03	 Mean_loss: 0.16092156,  training time: 8.49
[724.8, 694.6, 543.8, 778.6, 605.4]
Episode 258	 reward: -8.05	 Mean_loss: 0.17176282,  training time: 8.50
[745.4, 728.0, 509.6, 803.8, 567.6]
Episode 259	 reward: -8.16	 Mean_loss: 0.20308259,  training time: 8.59
[714.8, 679.0, 509.6, 782.0, 559.8]
Episode 260	 reward: -8.07	 Mean_loss: 0.15872677,  training time: 8.50
The validation quality is: 435.58 (best : 422.83)
[(13, 12), (13, 8), (13, 12), (8, 8), (13, 12)]
[682.0, 578.2, 712.6, 462.6, 662.6]
Episode 261	 reward: -8.75	 Mean_loss: 0.13302046,  training time: 9.03
[712.6, 580.2, 717.4, 440.8, 680.0]
Episode 262	 reward: -9.75	 Mean_loss: 0.13508902,  training time: 8.98
[673.4, 576.6, 693.2, 463.2, 645.0]
Episode 263	 reward: -8.97	 Mean_loss: 0.12562422,  training time: 8.95
[666.6, 579.2, 728.2, 479.2, 686.8]
Episode 264	 reward: -9.32	 Mean_loss: 0.11469399,  training time: 8.98
[670.6, 564.2, 696.4, 478.2, 697.4]
Episode 265	 reward: -9.19	 Mean_loss: 0.12563170,  training time: 8.96
[662.6, 582.6, 676.4, 476.8, 717.2]
Episode 266	 reward: -9.39	 Mean_loss: 0.14151862,  training time: 9.05
[673.0, 573.8, 722.4, 485.2, 678.4]
Episode 267	 reward: -9.15	 Mean_loss: 0.13733394,  training time: 8.96
[707.6, 554.6, 679.2, 435.8, 670.4]
Episode 268	 reward: -8.81	 Mean_loss: 0.13239224,  training time: 9.01
[671.2, 589.4, 673.8, 455.4, 680.2]
Episode 269	 reward: -8.99	 Mean_loss: 0.12618800,  training time: 9.01
[677.2, 563.4, 696.0, 455.8, 710.6]
Episode 270	 reward: -9.38	 Mean_loss: 0.14139105,  training time: 8.96
The validation quality is: 428.6 (best : 422.83)
[648.0, 550.6, 711.4, 432.8, 654.2]
Episode 271	 reward: -8.80	 Mean_loss: 0.12528747,  training time: 9.01
[673.2, 570.8, 680.4, 466.2, 656.0]
Episode 272	 reward: -9.16	 Mean_loss: 0.09186401,  training time: 8.99
[675.2, 564.8, 656.6, 448.6, 663.0]
Episode 273	 reward: -8.77	 Mean_loss: 0.10595261,  training time: 8.90
[676.6, 572.2, 697.6, 464.8, 670.4]
Episode 274	 reward: -9.07	 Mean_loss: 0.11854243,  training time: 8.89
[700.0, 593.4, 686.0, 445.8, 667.8]
Episode 275	 reward: -8.74	 Mean_loss: 0.11147151,  training time: 8.91
[651.2, 551.0, 664.0, 489.4, 664.0]
Episode 276	 reward: -9.61	 Mean_loss: 0.10413563,  training time: 8.85
[681.4, 572.6, 700.6, 474.4, 680.2]
Episode 277	 reward: -9.21	 Mean_loss: 0.12709819,  training time: 9.00
[687.6, 583.8, 720.6, 459.2, 698.0]
Episode 278	 reward: -8.50	 Mean_loss: 0.13031493,  training time: 8.96
[678.4, 591.0, 683.2, 471.2, 648.2]
Episode 279	 reward: -8.74	 Mean_loss: 0.11048966,  training time: 8.97
[692.4, 570.4, 678.8, 445.6, 674.0]
Episode 280	 reward: -8.79	 Mean_loss: 0.11107925,  training time: 9.02
The validation quality is: 431.88 (best : 422.83)
[(13, 5), (21, 5), (13, 10), (10, 4), (15, 5)]
[563.4, 734.6, 635.6, 429.4, 578.4]
Episode 281	 reward: -9.08	 Mean_loss: 0.17214745,  training time: 5.74
[547.0, 736.0, 642.6, 436.4, 629.8]
Episode 282	 reward: -8.48	 Mean_loss: 0.16067562,  training time: 5.80
[530.6, 766.4, 632.8, 436.8, 594.0]
Episode 283	 reward: -9.08	 Mean_loss: 0.20957409,  training time: 5.70
[518.8, 739.0, 630.0, 438.8, 577.6]
Episode 284	 reward: -8.61	 Mean_loss: 0.15767093,  training time: 5.64
[529.4, 743.8, 618.0, 422.0, 590.0]
Episode 285	 reward: -9.14	 Mean_loss: 0.16153465,  training time: 5.67
[527.0, 750.6, 642.4, 446.2, 559.8]
Episode 286	 reward: -9.37	 Mean_loss: 0.18416427,  training time: 5.66
[553.8, 743.8, 650.4, 438.0, 587.8]
Episode 287	 reward: -9.14	 Mean_loss: 0.16052358,  training time: 5.74
[517.8, 740.6, 687.6, 399.2, 601.6]
Episode 288	 reward: -9.43	 Mean_loss: 0.17013612,  training time: 5.65
[549.0, 725.8, 627.6, 397.4, 595.2]
Episode 289	 reward: -8.87	 Mean_loss: 0.17675990,  training time: 5.64
[544.0, 731.6, 632.2, 409.2, 587.8]
Episode 290	 reward: -8.93	 Mean_loss: 0.16497372,  training time: 5.69
The validation quality is: 431.41 (best : 422.83)
[550.8, 743.4, 653.4, 391.2, 611.2]
Episode 291	 reward: -8.98	 Mean_loss: 0.17188059,  training time: 5.73
[535.4, 721.0, 630.6, 410.2, 592.2]
Episode 292	 reward: -9.33	 Mean_loss: 0.16158335,  training time: 5.75
[548.2, 738.4, 647.4, 418.0, 557.4]
Episode 293	 reward: -9.34	 Mean_loss: 0.14963663,  training time: 5.75
[596.0, 743.4, 640.4, 442.4, 580.2]
Episode 294	 reward: -9.09	 Mean_loss: 0.19129056,  training time: 5.66
[559.4, 736.6, 633.0, 406.8, 573.6]
Episode 295	 reward: -9.11	 Mean_loss: 0.15436451,  training time: 5.67
[540.2, 735.8, 633.2, 417.8, 604.8]
Episode 296	 reward: -9.13	 Mean_loss: 0.13800979,  training time: 5.66
[532.4, 732.8, 641.2, 409.8, 603.4]
Episode 297	 reward: -8.86	 Mean_loss: 0.19882701,  training time: 5.70
[526.8, 740.4, 638.8, 426.6, 608.8]
Episode 298	 reward: -8.85	 Mean_loss: 0.14374274,  training time: 5.74
[529.6, 770.0, 626.8, 422.0, 585.4]
Episode 299	 reward: -9.29	 Mean_loss: 0.15632936,  training time: 5.70
[554.0, 769.2, 615.0, 436.4, 605.0]
Episode 300	 reward: -8.77	 Mean_loss: 0.20209952,  training time: 5.74
The validation quality is: 432.17 (best : 422.83)
[]
